20:38:08.690 2024-03-02 [http-nio-8081-exec-1] INFO  o.a.c.c.C.[Tomcat].[localhost].[/] --- Initializing Spring DispatcherServlet 'dispatcherServlet'
20:38:08.690 2024-03-02 [http-nio-8081-exec-1] INFO  o.s.web.servlet.DispatcherServlet --- Initializing Servlet 'dispatcherServlet'
20:38:08.691 2024-03-02 [http-nio-8081-exec-1] INFO  o.s.web.servlet.DispatcherServlet --- Completed initialization in 1 ms
20:38:08.709 2024-03-02 [http-nio-8081-exec-1] INFO  c.d.m.controller.ToDoListController --- Requested for all ToDos
20:38:19.644 2024-03-02 [http-nio-8081-exec-3] ERROR o.a.c.c.C.[.[.[.[dispatcherServlet] --- Servlet.service() for servlet [dispatcherServlet] in context with path [] threw exception [Request processing failed: org.springframework.data.redis.serializer.SerializationException: Cannot serialize] with root cause
java.lang.IllegalArgumentException: DefaultSerializer requires a Serializable payload but received an object of type [com.demo.myTodo.dto.ToDo]
	at org.springframework.core.serializer.DefaultSerializer.serialize(DefaultSerializer.java:43)
	at org.springframework.core.serializer.Serializer.serializeToByteArray(Serializer.java:56)
	at org.springframework.core.serializer.support.SerializingConverter.convert(SerializingConverter.java:60)
	at org.springframework.core.serializer.support.SerializingConverter.convert(SerializingConverter.java:33)
	at org.springframework.data.redis.serializer.JdkSerializationRedisSerializer.serialize(JdkSerializationRedisSerializer.java:83)
	at org.springframework.data.redis.serializer.DefaultRedisElementWriter.write(DefaultRedisElementWriter.java:41)
	at org.springframework.data.redis.serializer.RedisSerializationContext$SerializationPair.write(RedisSerializationContext.java:290)
	at org.springframework.data.redis.cache.RedisCache.serializeCacheValue(RedisCache.java:276)
	at org.springframework.data.redis.cache.RedisCache.put(RedisCache.java:187)
	at org.springframework.cache.interceptor.AbstractCacheInvoker.doPut(AbstractCacheInvoker.java:87)
	at org.springframework.cache.interceptor.CacheAspectSupport$CachePutRequest.apply(CacheAspectSupport.java:836)
	at org.springframework.cache.interceptor.CacheAspectSupport.execute(CacheAspectSupport.java:429)
	at org.springframework.cache.interceptor.CacheAspectSupport.execute(CacheAspectSupport.java:345)
	at org.springframework.cache.interceptor.CacheInterceptor.invoke(CacheInterceptor.java:64)
	at org.springframework.aop.framework.ReflectiveMethodInvocation.proceed(ReflectiveMethodInvocation.java:184)
	at org.springframework.aop.framework.CglibAopProxy$CglibMethodInvocation.proceed(CglibAopProxy.java:751)
	at org.springframework.aop.framework.CglibAopProxy$DynamicAdvisedInterceptor.intercept(CglibAopProxy.java:703)
	at com.demo.myTodo.controller.ToDoListController$$SpringCGLIB$$0.submitMyToDo(<generated>)
	at java.base/jdk.internal.reflect.NativeMethodAccessorImpl.invoke0(Native Method)
	at java.base/jdk.internal.reflect.NativeMethodAccessorImpl.invoke(NativeMethodAccessorImpl.java:77)
	at java.base/jdk.internal.reflect.DelegatingMethodAccessorImpl.invoke(DelegatingMethodAccessorImpl.java:43)
	at java.base/java.lang.reflect.Method.invoke(Method.java:568)
	at org.springframework.web.method.support.InvocableHandlerMethod.doInvoke(InvocableHandlerMethod.java:205)
	at org.springframework.web.method.support.InvocableHandlerMethod.invokeForRequest(InvocableHandlerMethod.java:150)
	at org.springframework.web.servlet.mvc.method.annotation.ServletInvocableHandlerMethod.invokeAndHandle(ServletInvocableHandlerMethod.java:118)
	at org.springframework.web.servlet.mvc.method.annotation.RequestMappingHandlerAdapter.invokeHandlerMethod(RequestMappingHandlerAdapter.java:887)
	at org.springframework.web.servlet.mvc.method.annotation.RequestMappingHandlerAdapter.handleInternal(RequestMappingHandlerAdapter.java:798)
	at org.springframework.web.servlet.mvc.method.AbstractHandlerMethodAdapter.handle(AbstractHandlerMethodAdapter.java:87)
	at org.springframework.web.servlet.DispatcherServlet.doDispatch(DispatcherServlet.java:1081)
	at org.springframework.web.servlet.DispatcherServlet.doService(DispatcherServlet.java:974)
	at org.springframework.web.servlet.FrameworkServlet.processRequest(FrameworkServlet.java:1014)
	at org.springframework.web.servlet.FrameworkServlet.doPost(FrameworkServlet.java:914)
	at jakarta.servlet.http.HttpServlet.service(HttpServlet.java:590)
	at org.springframework.web.servlet.FrameworkServlet.service(FrameworkServlet.java:885)
	at jakarta.servlet.http.HttpServlet.service(HttpServlet.java:658)
	at org.apache.catalina.core.ApplicationFilterChain.internalDoFilter(ApplicationFilterChain.java:205)
	at org.apache.catalina.core.ApplicationFilterChain.doFilter(ApplicationFilterChain.java:149)
	at org.apache.tomcat.websocket.server.WsFilter.doFilter(WsFilter.java:51)
	at org.apache.catalina.core.ApplicationFilterChain.internalDoFilter(ApplicationFilterChain.java:174)
	at org.apache.catalina.core.ApplicationFilterChain.doFilter(ApplicationFilterChain.java:149)
	at org.springframework.web.filter.RequestContextFilter.doFilterInternal(RequestContextFilter.java:100)
	at org.springframework.web.filter.OncePerRequestFilter.doFilter(OncePerRequestFilter.java:116)
	at org.apache.catalina.core.ApplicationFilterChain.internalDoFilter(ApplicationFilterChain.java:174)
	at org.apache.catalina.core.ApplicationFilterChain.doFilter(ApplicationFilterChain.java:149)
	at org.springframework.web.filter.FormContentFilter.doFilterInternal(FormContentFilter.java:93)
	at org.springframework.web.filter.OncePerRequestFilter.doFilter(OncePerRequestFilter.java:116)
	at org.apache.catalina.core.ApplicationFilterChain.internalDoFilter(ApplicationFilterChain.java:174)
	at org.apache.catalina.core.ApplicationFilterChain.doFilter(ApplicationFilterChain.java:149)
	at org.springframework.web.filter.CharacterEncodingFilter.doFilterInternal(CharacterEncodingFilter.java:201)
	at org.springframework.web.filter.OncePerRequestFilter.doFilter(OncePerRequestFilter.java:116)
	at org.apache.catalina.core.ApplicationFilterChain.internalDoFilter(ApplicationFilterChain.java:174)
	at org.apache.catalina.core.ApplicationFilterChain.doFilter(ApplicationFilterChain.java:149)
	at org.apache.catalina.core.StandardWrapperValve.invoke(StandardWrapperValve.java:167)
	at org.apache.catalina.core.StandardContextValve.invoke(StandardContextValve.java:90)
	at org.apache.catalina.authenticator.AuthenticatorBase.invoke(AuthenticatorBase.java:482)
	at org.apache.catalina.core.StandardHostValve.invoke(StandardHostValve.java:115)
	at org.apache.catalina.valves.ErrorReportValve.invoke(ErrorReportValve.java:93)
	at org.apache.catalina.core.StandardEngineValve.invoke(StandardEngineValve.java:74)
	at org.apache.catalina.connector.CoyoteAdapter.service(CoyoteAdapter.java:344)
	at org.apache.coyote.http11.Http11Processor.service(Http11Processor.java:391)
	at org.apache.coyote.AbstractProcessorLight.process(AbstractProcessorLight.java:63)
	at org.apache.coyote.AbstractProtocol$ConnectionHandler.process(AbstractProtocol.java:896)
	at org.apache.tomcat.util.net.NioEndpoint$SocketProcessor.doRun(NioEndpoint.java:1744)
	at org.apache.tomcat.util.net.SocketProcessorBase.run(SocketProcessorBase.java:52)
	at org.apache.tomcat.util.threads.ThreadPoolExecutor.runWorker(ThreadPoolExecutor.java:1191)
	at org.apache.tomcat.util.threads.ThreadPoolExecutor$Worker.run(ThreadPoolExecutor.java:659)
	at org.apache.tomcat.util.threads.TaskThread$WrappingRunnable.run(TaskThread.java:63)
	at java.base/java.lang.Thread.run(Thread.java:842)
20:39:49.843 2024-03-02 [background-preinit] INFO  o.h.validator.internal.util.Version --- HV000001: Hibernate Validator 8.0.1.Final
20:39:49.874 2024-03-02 [main] INFO  com.demo.myTodo.MyTodoApplication --- Starting MyTodoApplication using Java 17.0.9 with PID 50037 (/home/kj/Documents/SpringBoot Projects/RestAPI Projects/myTodo/build/classes/java/main started by kj in /home/kj/Documents/SpringBoot Projects/RestAPI Projects/myTodo)
20:39:49.875 2024-03-02 [main] INFO  com.demo.myTodo.MyTodoApplication --- No active profile set, falling back to 1 default profile: "default"
20:39:50.278 2024-03-02 [main] INFO  o.s.d.r.c.RepositoryConfigurationDelegate --- Multiple Spring Data modules found, entering strict repository configuration mode
20:39:50.279 2024-03-02 [main] INFO  o.s.d.r.c.RepositoryConfigurationDelegate --- Bootstrapping Spring Data MongoDB repositories in DEFAULT mode.
20:39:50.372 2024-03-02 [main] INFO  o.s.d.r.c.RepositoryConfigurationDelegate --- Finished Spring Data repository scanning in 90 ms. Found 1 MongoDB repository interface.
20:39:50.380 2024-03-02 [main] INFO  o.s.d.r.c.RepositoryConfigurationDelegate --- Multiple Spring Data modules found, entering strict repository configuration mode
20:39:50.381 2024-03-02 [main] INFO  o.s.d.r.c.RepositoryConfigurationDelegate --- Bootstrapping Spring Data Redis repositories in DEFAULT mode.
20:39:50.391 2024-03-02 [main] INFO  o.s.d.r.c.RepositoryConfigurationExtensionSupport --- Spring Data Redis - Could not safely identify store assignment for repository candidate interface com.demo.myTodo.repository.TodoRepository; If you want this repository to be a Redis repository, consider annotating your entities with one of these annotations: org.springframework.data.redis.core.RedisHash (preferred), or consider extending one of the following types with your repository: org.springframework.data.keyvalue.repository.KeyValueRepository
20:39:50.391 2024-03-02 [main] INFO  o.s.d.r.c.RepositoryConfigurationDelegate --- Finished Spring Data repository scanning in 5 ms. Found 0 Redis repository interfaces.
20:39:50.701 2024-03-02 [main] INFO  o.s.b.w.e.tomcat.TomcatWebServer --- Tomcat initialized with port(s): 8081 (http)
20:39:50.706 2024-03-02 [main] INFO  o.a.coyote.http11.Http11NioProtocol --- Initializing ProtocolHandler ["http-nio-8081"]
20:39:50.707 2024-03-02 [main] INFO  o.a.catalina.core.StandardService --- Starting service [Tomcat]
20:39:50.708 2024-03-02 [main] INFO  o.a.catalina.core.StandardEngine --- Starting Servlet engine: [Apache Tomcat/10.1.19]
20:39:50.763 2024-03-02 [main] INFO  o.a.c.c.C.[Tomcat].[localhost].[/] --- Initializing Spring embedded WebApplicationContext
20:39:50.764 2024-03-02 [main] INFO  o.s.b.w.s.c.ServletWebServerApplicationContext --- Root WebApplicationContext: initialization completed in 858 ms
20:39:51.020 2024-03-02 [main] INFO  org.mongodb.driver.client --- MongoClient with metadata {"driver": {"name": "mongo-java-driver|sync|spring-boot", "version": "4.9.1"}, "os": {"type": "Linux", "name": "Linux", "architecture": "amd64", "version": "6.5.0-21-generic"}, "platform": "Java/Oracle Corporation/17.0.9+11-LTS-201"} created with settings MongoClientSettings{readPreference=primary, writeConcern=WriteConcern{w=majority, wTimeout=null ms, journal=null}, retryWrites=true, retryReads=true, readConcern=ReadConcern{level=null}, credential=MongoCredential{mechanism=null, userName='kj', source='admin', password=<hidden>, mechanismProperties=<hidden>}, streamFactoryFactory=null, commandListeners=[], codecRegistry=ProvidersCodecRegistry{codecProviders=[ValueCodecProvider{}, BsonValueCodecProvider{}, DBRefCodecProvider{}, DBObjectCodecProvider{}, DocumentCodecProvider{}, CollectionCodecProvider{}, IterableCodecProvider{}, MapCodecProvider{}, GeoJsonCodecProvider{}, GridFSFileCodecProvider{}, Jsr310CodecProvider{}, JsonObjectCodecProvider{}, BsonCodecProvider{}, EnumCodecProvider{}, com.mongodb.client.model.mql.ExpressionCodecProvider@60cb1ed6, com.mongodb.Jep395RecordCodecProvider@1e5eb20a]}, loggerSettings=LoggerSettings{maxDocumentLength=1000}, clusterSettings={hosts=[127.0.0.1:27017], srvHost=springbootprojects.gzrxwmn.mongodb.net, srvServiceName=mongodb, mode=MULTIPLE, requiredClusterType=REPLICA_SET, requiredReplicaSetName='atlas-ljrqzf-shard-0', serverSelector='null', clusterListeners='[]', serverSelectionTimeout='30000 ms', localThreshold='30000 ms'}, socketSettings=SocketSettings{connectTimeoutMS=10000, readTimeoutMS=0, receiveBufferSize=0, sendBufferSize=0}, heartbeatSocketSettings=SocketSettings{connectTimeoutMS=10000, readTimeoutMS=10000, receiveBufferSize=0, sendBufferSize=0}, connectionPoolSettings=ConnectionPoolSettings{maxSize=100, minSize=0, maxWaitTimeMS=120000, maxConnectionLifeTimeMS=0, maxConnectionIdleTimeMS=0, maintenanceInitialDelayMS=0, maintenanceFrequencyMS=60000, connectionPoolListeners=[], maxConnecting=2}, serverSettings=ServerSettings{heartbeatFrequencyMS=10000, minHeartbeatFrequencyMS=500, serverListeners='[]', serverMonitorListeners='[]'}, sslSettings=SslSettings{enabled=true, invalidHostNameAllowed=false, context=null}, applicationName='null', compressorList=[], uuidRepresentation=JAVA_LEGACY, serverApi=null, autoEncryptionSettings=null, contextProvider=null}
20:39:51.096 2024-03-02 [cluster-ClusterId{value='65e3413fb35c2f0f578151af', description='null'}-srv-springbootprojects.gzrxwmn.mongodb.net] INFO  org.mongodb.driver.cluster --- Adding discovered server ac-dt2bl0m-shard-00-01.gzrxwmn.mongodb.net:27017 to client view of cluster
20:39:51.110 2024-03-02 [cluster-ClusterId{value='65e3413fb35c2f0f578151af', description='null'}-srv-springbootprojects.gzrxwmn.mongodb.net] INFO  org.mongodb.driver.cluster --- Adding discovered server ac-dt2bl0m-shard-00-00.gzrxwmn.mongodb.net:27017 to client view of cluster
20:39:51.111 2024-03-02 [cluster-ClusterId{value='65e3413fb35c2f0f578151af', description='null'}-srv-springbootprojects.gzrxwmn.mongodb.net] INFO  org.mongodb.driver.cluster --- Adding discovered server ac-dt2bl0m-shard-00-02.gzrxwmn.mongodb.net:27017 to client view of cluster
20:39:51.615 2024-03-02 [cluster-ClusterId{value='65e3413fb35c2f0f578151af', description='null'}-ac-dt2bl0m-shard-00-01.gzrxwmn.mongodb.net:27017] INFO  org.mongodb.driver.cluster --- Monitor thread successfully connected to server with description ServerDescription{address=ac-dt2bl0m-shard-00-01.gzrxwmn.mongodb.net:27017, type=REPLICA_SET_SECONDARY, state=CONNECTED, ok=true, minWireVersion=0, maxWireVersion=17, maxDocumentSize=16777216, logicalSessionTimeoutMinutes=30, roundTripTimeNanos=212756487, setName='atlas-ljrqzf-shard-0', canonicalAddress=ac-dt2bl0m-shard-00-01.gzrxwmn.mongodb.net:27017, hosts=[ac-dt2bl0m-shard-00-00.gzrxwmn.mongodb.net:27017, ac-dt2bl0m-shard-00-02.gzrxwmn.mongodb.net:27017, ac-dt2bl0m-shard-00-01.gzrxwmn.mongodb.net:27017], passives=[], arbiters=[], primary='ac-dt2bl0m-shard-00-02.gzrxwmn.mongodb.net:27017', tagSet=TagSet{[Tag{name='availabilityZone', value='aps1-az3'}, Tag{name='diskState', value='READY'}, Tag{name='nodeType', value='ELECTABLE'}, Tag{name='provider', value='AWS'}, Tag{name='region', value='AP_SOUTH_1'}, Tag{name='workloadType', value='OPERATIONAL'}]}, electionId=null, setVersion=1, topologyVersion=TopologyVersion{processId=65e2255cce991d59b870fde9, counter=3}, lastWriteDate=Sat Mar 02 20:39:51 IST 2024, lastUpdateTimeNanos=8220998998494}
20:39:51.615 2024-03-02 [cluster-ClusterId{value='65e3413fb35c2f0f578151af', description='null'}-ac-dt2bl0m-shard-00-00.gzrxwmn.mongodb.net:27017] INFO  org.mongodb.driver.cluster --- Monitor thread successfully connected to server with description ServerDescription{address=ac-dt2bl0m-shard-00-00.gzrxwmn.mongodb.net:27017, type=REPLICA_SET_SECONDARY, state=CONNECTED, ok=true, minWireVersion=0, maxWireVersion=17, maxDocumentSize=16777216, logicalSessionTimeoutMinutes=30, roundTripTimeNanos=172232519, setName='atlas-ljrqzf-shard-0', canonicalAddress=ac-dt2bl0m-shard-00-00.gzrxwmn.mongodb.net:27017, hosts=[ac-dt2bl0m-shard-00-00.gzrxwmn.mongodb.net:27017, ac-dt2bl0m-shard-00-02.gzrxwmn.mongodb.net:27017, ac-dt2bl0m-shard-00-01.gzrxwmn.mongodb.net:27017], passives=[], arbiters=[], primary='ac-dt2bl0m-shard-00-02.gzrxwmn.mongodb.net:27017', tagSet=TagSet{[Tag{name='availabilityZone', value='aps1-az1'}, Tag{name='diskState', value='READY'}, Tag{name='nodeType', value='ELECTABLE'}, Tag{name='provider', value='AWS'}, Tag{name='region', value='AP_SOUTH_1'}, Tag{name='workloadType', value='OPERATIONAL'}]}, electionId=null, setVersion=1, topologyVersion=TopologyVersion{processId=65e222e2376c7e38a0a22c1e, counter=4}, lastWriteDate=Sat Mar 02 20:39:51 IST 2024, lastUpdateTimeNanos=8220998998494}
20:39:51.626 2024-03-02 [main] INFO  o.a.coyote.http11.Http11NioProtocol --- Starting ProtocolHandler ["http-nio-8081"]
20:39:51.635 2024-03-02 [main] INFO  o.s.b.w.e.tomcat.TomcatWebServer --- Tomcat started on port(s): 8081 (http) with context path ''
20:39:51.640 2024-03-02 [main] INFO  com.demo.myTodo.MyTodoApplication --- Started MyTodoApplication in 1.984 seconds (process running for 2.311)
20:39:51.755 2024-03-02 [cluster-ClusterId{value='65e3413fb35c2f0f578151af', description='null'}-ac-dt2bl0m-shard-00-02.gzrxwmn.mongodb.net:27017] INFO  org.mongodb.driver.cluster --- Monitor thread successfully connected to server with description ServerDescription{address=ac-dt2bl0m-shard-00-02.gzrxwmn.mongodb.net:27017, type=REPLICA_SET_PRIMARY, state=CONNECTED, ok=true, minWireVersion=0, maxWireVersion=17, maxDocumentSize=16777216, logicalSessionTimeoutMinutes=30, roundTripTimeNanos=199975081, setName='atlas-ljrqzf-shard-0', canonicalAddress=ac-dt2bl0m-shard-00-02.gzrxwmn.mongodb.net:27017, hosts=[ac-dt2bl0m-shard-00-00.gzrxwmn.mongodb.net:27017, ac-dt2bl0m-shard-00-02.gzrxwmn.mongodb.net:27017, ac-dt2bl0m-shard-00-01.gzrxwmn.mongodb.net:27017], passives=[], arbiters=[], primary='ac-dt2bl0m-shard-00-02.gzrxwmn.mongodb.net:27017', tagSet=TagSet{[Tag{name='availabilityZone', value='aps1-az2'}, Tag{name='diskState', value='READY'}, Tag{name='nodeType', value='ELECTABLE'}, Tag{name='provider', value='AWS'}, Tag{name='region', value='AP_SOUTH_1'}, Tag{name='workloadType', value='OPERATIONAL'}]}, electionId=7fffffff0000000000000007, setVersion=1, topologyVersion=TopologyVersion{processId=65e22437e631381bcfbc6a59, counter=6}, lastWriteDate=Sat Mar 02 20:39:51 IST 2024, lastUpdateTimeNanos=8221140083890}
20:39:51.756 2024-03-02 [cluster-ClusterId{value='65e3413fb35c2f0f578151af', description='null'}-ac-dt2bl0m-shard-00-02.gzrxwmn.mongodb.net:27017] INFO  org.mongodb.driver.cluster --- Discovered replica set primary ac-dt2bl0m-shard-00-02.gzrxwmn.mongodb.net:27017 with max election id 7fffffff0000000000000007 and max set version 1
20:39:54.896 2024-03-02 [http-nio-8081-exec-1] INFO  o.a.c.c.C.[Tomcat].[localhost].[/] --- Initializing Spring DispatcherServlet 'dispatcherServlet'
20:39:54.896 2024-03-02 [http-nio-8081-exec-1] INFO  o.s.web.servlet.DispatcherServlet --- Initializing Servlet 'dispatcherServlet'
20:39:54.897 2024-03-02 [http-nio-8081-exec-1] INFO  o.s.web.servlet.DispatcherServlet --- Completed initialization in 1 ms
20:39:54.915 2024-03-02 [http-nio-8081-exec-1] INFO  c.d.m.controller.ToDoListController --- Requested for all ToDos
20:41:39.555 2024-03-02 [http-nio-8081-exec-5] ERROR o.a.c.c.C.[.[.[.[dispatcherServlet] --- Servlet.service() for servlet [dispatcherServlet] in context with path [] threw exception [Request processing failed: org.springframework.data.redis.serializer.SerializationException: Cannot serialize] with root cause
java.lang.IllegalArgumentException: DefaultSerializer requires a Serializable payload but received an object of type [com.demo.myTodo.dto.ToDo]
	at org.springframework.core.serializer.DefaultSerializer.serialize(DefaultSerializer.java:43)
	at org.springframework.core.serializer.Serializer.serializeToByteArray(Serializer.java:56)
	at org.springframework.core.serializer.support.SerializingConverter.convert(SerializingConverter.java:60)
	at org.springframework.core.serializer.support.SerializingConverter.convert(SerializingConverter.java:33)
	at org.springframework.data.redis.serializer.JdkSerializationRedisSerializer.serialize(JdkSerializationRedisSerializer.java:83)
	at org.springframework.data.redis.serializer.DefaultRedisElementWriter.write(DefaultRedisElementWriter.java:41)
	at org.springframework.data.redis.serializer.RedisSerializationContext$SerializationPair.write(RedisSerializationContext.java:290)
	at org.springframework.data.redis.cache.RedisCache.serializeCacheValue(RedisCache.java:276)
	at org.springframework.data.redis.cache.RedisCache.put(RedisCache.java:187)
	at org.springframework.cache.interceptor.AbstractCacheInvoker.doPut(AbstractCacheInvoker.java:87)
	at org.springframework.cache.interceptor.CacheAspectSupport$CachePutRequest.apply(CacheAspectSupport.java:836)
	at org.springframework.cache.interceptor.CacheAspectSupport.execute(CacheAspectSupport.java:429)
	at org.springframework.cache.interceptor.CacheAspectSupport.execute(CacheAspectSupport.java:345)
	at org.springframework.cache.interceptor.CacheInterceptor.invoke(CacheInterceptor.java:64)
	at org.springframework.aop.framework.ReflectiveMethodInvocation.proceed(ReflectiveMethodInvocation.java:184)
	at org.springframework.aop.framework.CglibAopProxy$CglibMethodInvocation.proceed(CglibAopProxy.java:751)
	at org.springframework.aop.framework.CglibAopProxy$DynamicAdvisedInterceptor.intercept(CglibAopProxy.java:703)
	at com.demo.myTodo.controller.ToDoListController$$SpringCGLIB$$0.submitMyToDo(<generated>)
	at java.base/jdk.internal.reflect.NativeMethodAccessorImpl.invoke0(Native Method)
	at java.base/jdk.internal.reflect.NativeMethodAccessorImpl.invoke(NativeMethodAccessorImpl.java:77)
	at java.base/jdk.internal.reflect.DelegatingMethodAccessorImpl.invoke(DelegatingMethodAccessorImpl.java:43)
	at java.base/java.lang.reflect.Method.invoke(Method.java:568)
	at org.springframework.web.method.support.InvocableHandlerMethod.doInvoke(InvocableHandlerMethod.java:205)
	at org.springframework.web.method.support.InvocableHandlerMethod.invokeForRequest(InvocableHandlerMethod.java:150)
	at org.springframework.web.servlet.mvc.method.annotation.ServletInvocableHandlerMethod.invokeAndHandle(ServletInvocableHandlerMethod.java:118)
	at org.springframework.web.servlet.mvc.method.annotation.RequestMappingHandlerAdapter.invokeHandlerMethod(RequestMappingHandlerAdapter.java:887)
	at org.springframework.web.servlet.mvc.method.annotation.RequestMappingHandlerAdapter.handleInternal(RequestMappingHandlerAdapter.java:798)
	at org.springframework.web.servlet.mvc.method.AbstractHandlerMethodAdapter.handle(AbstractHandlerMethodAdapter.java:87)
	at org.springframework.web.servlet.DispatcherServlet.doDispatch(DispatcherServlet.java:1081)
	at org.springframework.web.servlet.DispatcherServlet.doService(DispatcherServlet.java:974)
	at org.springframework.web.servlet.FrameworkServlet.processRequest(FrameworkServlet.java:1014)
	at org.springframework.web.servlet.FrameworkServlet.doPost(FrameworkServlet.java:914)
	at jakarta.servlet.http.HttpServlet.service(HttpServlet.java:590)
	at org.springframework.web.servlet.FrameworkServlet.service(FrameworkServlet.java:885)
	at jakarta.servlet.http.HttpServlet.service(HttpServlet.java:658)
	at org.apache.catalina.core.ApplicationFilterChain.internalDoFilter(ApplicationFilterChain.java:205)
	at org.apache.catalina.core.ApplicationFilterChain.doFilter(ApplicationFilterChain.java:149)
	at org.apache.tomcat.websocket.server.WsFilter.doFilter(WsFilter.java:51)
	at org.apache.catalina.core.ApplicationFilterChain.internalDoFilter(ApplicationFilterChain.java:174)
	at org.apache.catalina.core.ApplicationFilterChain.doFilter(ApplicationFilterChain.java:149)
	at org.springframework.web.filter.RequestContextFilter.doFilterInternal(RequestContextFilter.java:100)
	at org.springframework.web.filter.OncePerRequestFilter.doFilter(OncePerRequestFilter.java:116)
	at org.apache.catalina.core.ApplicationFilterChain.internalDoFilter(ApplicationFilterChain.java:174)
	at org.apache.catalina.core.ApplicationFilterChain.doFilter(ApplicationFilterChain.java:149)
	at org.springframework.web.filter.FormContentFilter.doFilterInternal(FormContentFilter.java:93)
	at org.springframework.web.filter.OncePerRequestFilter.doFilter(OncePerRequestFilter.java:116)
	at org.apache.catalina.core.ApplicationFilterChain.internalDoFilter(ApplicationFilterChain.java:174)
	at org.apache.catalina.core.ApplicationFilterChain.doFilter(ApplicationFilterChain.java:149)
	at org.springframework.web.filter.CharacterEncodingFilter.doFilterInternal(CharacterEncodingFilter.java:201)
	at org.springframework.web.filter.OncePerRequestFilter.doFilter(OncePerRequestFilter.java:116)
	at org.apache.catalina.core.ApplicationFilterChain.internalDoFilter(ApplicationFilterChain.java:174)
	at org.apache.catalina.core.ApplicationFilterChain.doFilter(ApplicationFilterChain.java:149)
	at org.apache.catalina.core.StandardWrapperValve.invoke(StandardWrapperValve.java:167)
	at org.apache.catalina.core.StandardContextValve.invoke(StandardContextValve.java:90)
	at org.apache.catalina.authenticator.AuthenticatorBase.invoke(AuthenticatorBase.java:482)
	at org.apache.catalina.core.StandardHostValve.invoke(StandardHostValve.java:115)
	at org.apache.catalina.valves.ErrorReportValve.invoke(ErrorReportValve.java:93)
	at org.apache.catalina.core.StandardEngineValve.invoke(StandardEngineValve.java:74)
	at org.apache.catalina.connector.CoyoteAdapter.service(CoyoteAdapter.java:344)
	at org.apache.coyote.http11.Http11Processor.service(Http11Processor.java:391)
	at org.apache.coyote.AbstractProcessorLight.process(AbstractProcessorLight.java:63)
	at org.apache.coyote.AbstractProtocol$ConnectionHandler.process(AbstractProtocol.java:896)
	at org.apache.tomcat.util.net.NioEndpoint$SocketProcessor.doRun(NioEndpoint.java:1744)
	at org.apache.tomcat.util.net.SocketProcessorBase.run(SocketProcessorBase.java:52)
	at org.apache.tomcat.util.threads.ThreadPoolExecutor.runWorker(ThreadPoolExecutor.java:1191)
	at org.apache.tomcat.util.threads.ThreadPoolExecutor$Worker.run(ThreadPoolExecutor.java:659)
	at org.apache.tomcat.util.threads.TaskThread$WrappingRunnable.run(TaskThread.java:63)
	at java.base/java.lang.Thread.run(Thread.java:842)
20:43:00.862 2024-03-02 [background-preinit] INFO  o.h.validator.internal.util.Version --- HV000001: Hibernate Validator 8.0.1.Final
20:43:00.892 2024-03-02 [main] INFO  com.demo.myTodo.MyTodoApplication --- Starting MyTodoApplication using Java 17.0.9 with PID 51281 (/home/kj/Documents/SpringBoot Projects/RestAPI Projects/myTodo/build/classes/java/main started by kj in /home/kj/Documents/SpringBoot Projects/RestAPI Projects/myTodo)
20:43:00.893 2024-03-02 [main] INFO  com.demo.myTodo.MyTodoApplication --- No active profile set, falling back to 1 default profile: "default"
20:43:01.274 2024-03-02 [main] INFO  o.s.d.r.c.RepositoryConfigurationDelegate --- Multiple Spring Data modules found, entering strict repository configuration mode
20:43:01.275 2024-03-02 [main] INFO  o.s.d.r.c.RepositoryConfigurationDelegate --- Bootstrapping Spring Data MongoDB repositories in DEFAULT mode.
20:43:01.369 2024-03-02 [main] INFO  o.s.d.r.c.RepositoryConfigurationDelegate --- Finished Spring Data repository scanning in 91 ms. Found 1 MongoDB repository interface.
20:43:01.378 2024-03-02 [main] INFO  o.s.d.r.c.RepositoryConfigurationDelegate --- Multiple Spring Data modules found, entering strict repository configuration mode
20:43:01.379 2024-03-02 [main] INFO  o.s.d.r.c.RepositoryConfigurationDelegate --- Bootstrapping Spring Data Redis repositories in DEFAULT mode.
20:43:01.389 2024-03-02 [main] INFO  o.s.d.r.c.RepositoryConfigurationExtensionSupport --- Spring Data Redis - Could not safely identify store assignment for repository candidate interface com.demo.myTodo.repository.TodoRepository; If you want this repository to be a Redis repository, consider annotating your entities with one of these annotations: org.springframework.data.redis.core.RedisHash (preferred), or consider extending one of the following types with your repository: org.springframework.data.keyvalue.repository.KeyValueRepository
20:43:01.389 2024-03-02 [main] INFO  o.s.d.r.c.RepositoryConfigurationDelegate --- Finished Spring Data repository scanning in 5 ms. Found 0 Redis repository interfaces.
20:43:01.722 2024-03-02 [main] INFO  o.s.b.w.e.tomcat.TomcatWebServer --- Tomcat initialized with port(s): 8081 (http)
20:43:01.728 2024-03-02 [main] INFO  o.a.coyote.http11.Http11NioProtocol --- Initializing ProtocolHandler ["http-nio-8081"]
20:43:01.729 2024-03-02 [main] INFO  o.a.catalina.core.StandardService --- Starting service [Tomcat]
20:43:01.729 2024-03-02 [main] INFO  o.a.catalina.core.StandardEngine --- Starting Servlet engine: [Apache Tomcat/10.1.19]
20:43:01.791 2024-03-02 [main] INFO  o.a.c.c.C.[Tomcat].[localhost].[/] --- Initializing Spring embedded WebApplicationContext
20:43:01.792 2024-03-02 [main] INFO  o.s.b.w.s.c.ServletWebServerApplicationContext --- Root WebApplicationContext: initialization completed in 866 ms
20:43:01.998 2024-03-02 [main] INFO  org.mongodb.driver.client --- MongoClient with metadata {"driver": {"name": "mongo-java-driver|sync|spring-boot", "version": "4.9.1"}, "os": {"type": "Linux", "name": "Linux", "architecture": "amd64", "version": "6.5.0-21-generic"}, "platform": "Java/Oracle Corporation/17.0.9+11-LTS-201"} created with settings MongoClientSettings{readPreference=primary, writeConcern=WriteConcern{w=majority, wTimeout=null ms, journal=null}, retryWrites=true, retryReads=true, readConcern=ReadConcern{level=null}, credential=MongoCredential{mechanism=null, userName='kj', source='admin', password=<hidden>, mechanismProperties=<hidden>}, streamFactoryFactory=null, commandListeners=[], codecRegistry=ProvidersCodecRegistry{codecProviders=[ValueCodecProvider{}, BsonValueCodecProvider{}, DBRefCodecProvider{}, DBObjectCodecProvider{}, DocumentCodecProvider{}, CollectionCodecProvider{}, IterableCodecProvider{}, MapCodecProvider{}, GeoJsonCodecProvider{}, GridFSFileCodecProvider{}, Jsr310CodecProvider{}, JsonObjectCodecProvider{}, BsonCodecProvider{}, EnumCodecProvider{}, com.mongodb.client.model.mql.ExpressionCodecProvider@39941489, com.mongodb.Jep395RecordCodecProvider@6f5d0190]}, loggerSettings=LoggerSettings{maxDocumentLength=1000}, clusterSettings={hosts=[127.0.0.1:27017], srvHost=springbootprojects.gzrxwmn.mongodb.net, srvServiceName=mongodb, mode=MULTIPLE, requiredClusterType=REPLICA_SET, requiredReplicaSetName='atlas-ljrqzf-shard-0', serverSelector='null', clusterListeners='[]', serverSelectionTimeout='30000 ms', localThreshold='30000 ms'}, socketSettings=SocketSettings{connectTimeoutMS=10000, readTimeoutMS=0, receiveBufferSize=0, sendBufferSize=0}, heartbeatSocketSettings=SocketSettings{connectTimeoutMS=10000, readTimeoutMS=10000, receiveBufferSize=0, sendBufferSize=0}, connectionPoolSettings=ConnectionPoolSettings{maxSize=100, minSize=0, maxWaitTimeMS=120000, maxConnectionLifeTimeMS=0, maxConnectionIdleTimeMS=0, maintenanceInitialDelayMS=0, maintenanceFrequencyMS=60000, connectionPoolListeners=[], maxConnecting=2}, serverSettings=ServerSettings{heartbeatFrequencyMS=10000, minHeartbeatFrequencyMS=500, serverListeners='[]', serverMonitorListeners='[]'}, sslSettings=SslSettings{enabled=true, invalidHostNameAllowed=false, context=null}, applicationName='null', compressorList=[], uuidRepresentation=JAVA_LEGACY, serverApi=null, autoEncryptionSettings=null, contextProvider=null}
20:43:02.151 2024-03-02 [cluster-ClusterId{value='65e341fdcc7ce37fd8cbdd30', description='null'}-srv-springbootprojects.gzrxwmn.mongodb.net] INFO  org.mongodb.driver.cluster --- Adding discovered server ac-dt2bl0m-shard-00-01.gzrxwmn.mongodb.net:27017 to client view of cluster
20:43:02.172 2024-03-02 [cluster-ClusterId{value='65e341fdcc7ce37fd8cbdd30', description='null'}-srv-springbootprojects.gzrxwmn.mongodb.net] INFO  org.mongodb.driver.cluster --- Adding discovered server ac-dt2bl0m-shard-00-00.gzrxwmn.mongodb.net:27017 to client view of cluster
20:43:02.173 2024-03-02 [cluster-ClusterId{value='65e341fdcc7ce37fd8cbdd30', description='null'}-srv-springbootprojects.gzrxwmn.mongodb.net] INFO  org.mongodb.driver.cluster --- Adding discovered server ac-dt2bl0m-shard-00-02.gzrxwmn.mongodb.net:27017 to client view of cluster
20:43:02.645 2024-03-02 [cluster-ClusterId{value='65e341fdcc7ce37fd8cbdd30', description='null'}-ac-dt2bl0m-shard-00-00.gzrxwmn.mongodb.net:27017] INFO  org.mongodb.driver.cluster --- Monitor thread successfully connected to server with description ServerDescription{address=ac-dt2bl0m-shard-00-00.gzrxwmn.mongodb.net:27017, type=REPLICA_SET_SECONDARY, state=CONNECTED, ok=true, minWireVersion=0, maxWireVersion=17, maxDocumentSize=16777216, logicalSessionTimeoutMinutes=30, roundTripTimeNanos=195681474, setName='atlas-ljrqzf-shard-0', canonicalAddress=ac-dt2bl0m-shard-00-00.gzrxwmn.mongodb.net:27017, hosts=[ac-dt2bl0m-shard-00-00.gzrxwmn.mongodb.net:27017, ac-dt2bl0m-shard-00-02.gzrxwmn.mongodb.net:27017, ac-dt2bl0m-shard-00-01.gzrxwmn.mongodb.net:27017], passives=[], arbiters=[], primary='ac-dt2bl0m-shard-00-02.gzrxwmn.mongodb.net:27017', tagSet=TagSet{[Tag{name='availabilityZone', value='aps1-az1'}, Tag{name='diskState', value='READY'}, Tag{name='nodeType', value='ELECTABLE'}, Tag{name='provider', value='AWS'}, Tag{name='region', value='AP_SOUTH_1'}, Tag{name='workloadType', value='OPERATIONAL'}]}, electionId=null, setVersion=1, topologyVersion=TopologyVersion{processId=65e222e2376c7e38a0a22c1e, counter=4}, lastWriteDate=Sat Mar 02 20:43:02 IST 2024, lastUpdateTimeNanos=8412029374908}
20:43:02.645 2024-03-02 [cluster-ClusterId{value='65e341fdcc7ce37fd8cbdd30', description='null'}-ac-dt2bl0m-shard-00-02.gzrxwmn.mongodb.net:27017] INFO  org.mongodb.driver.cluster --- Monitor thread successfully connected to server with description ServerDescription{address=ac-dt2bl0m-shard-00-02.gzrxwmn.mongodb.net:27017, type=REPLICA_SET_PRIMARY, state=CONNECTED, ok=true, minWireVersion=0, maxWireVersion=17, maxDocumentSize=16777216, logicalSessionTimeoutMinutes=30, roundTripTimeNanos=195692439, setName='atlas-ljrqzf-shard-0', canonicalAddress=ac-dt2bl0m-shard-00-02.gzrxwmn.mongodb.net:27017, hosts=[ac-dt2bl0m-shard-00-00.gzrxwmn.mongodb.net:27017, ac-dt2bl0m-shard-00-02.gzrxwmn.mongodb.net:27017, ac-dt2bl0m-shard-00-01.gzrxwmn.mongodb.net:27017], passives=[], arbiters=[], primary='ac-dt2bl0m-shard-00-02.gzrxwmn.mongodb.net:27017', tagSet=TagSet{[Tag{name='availabilityZone', value='aps1-az2'}, Tag{name='diskState', value='READY'}, Tag{name='nodeType', value='ELECTABLE'}, Tag{name='provider', value='AWS'}, Tag{name='region', value='AP_SOUTH_1'}, Tag{name='workloadType', value='OPERATIONAL'}]}, electionId=7fffffff0000000000000007, setVersion=1, topologyVersion=TopologyVersion{processId=65e22437e631381bcfbc6a59, counter=6}, lastWriteDate=Sat Mar 02 20:43:02 IST 2024, lastUpdateTimeNanos=8412029374908}
20:43:02.647 2024-03-02 [cluster-ClusterId{value='65e341fdcc7ce37fd8cbdd30', description='null'}-ac-dt2bl0m-shard-00-02.gzrxwmn.mongodb.net:27017] INFO  org.mongodb.driver.cluster --- Discovered replica set primary ac-dt2bl0m-shard-00-02.gzrxwmn.mongodb.net:27017 with max election id 7fffffff0000000000000007 and max set version 1
20:43:02.651 2024-03-02 [main] INFO  o.a.coyote.http11.Http11NioProtocol --- Starting ProtocolHandler ["http-nio-8081"]
20:43:02.659 2024-03-02 [main] INFO  o.s.b.w.e.tomcat.TomcatWebServer --- Tomcat started on port(s): 8081 (http) with context path ''
20:43:02.664 2024-03-02 [main] INFO  com.demo.myTodo.MyTodoApplication --- Started MyTodoApplication in 2.005 seconds (process running for 2.329)
20:43:02.703 2024-03-02 [cluster-ClusterId{value='65e341fdcc7ce37fd8cbdd30', description='null'}-ac-dt2bl0m-shard-00-01.gzrxwmn.mongodb.net:27017] INFO  org.mongodb.driver.cluster --- Monitor thread successfully connected to server with description ServerDescription{address=ac-dt2bl0m-shard-00-01.gzrxwmn.mongodb.net:27017, type=REPLICA_SET_SECONDARY, state=CONNECTED, ok=true, minWireVersion=0, maxWireVersion=17, maxDocumentSize=16777216, logicalSessionTimeoutMinutes=30, roundTripTimeNanos=254665568, setName='atlas-ljrqzf-shard-0', canonicalAddress=ac-dt2bl0m-shard-00-01.gzrxwmn.mongodb.net:27017, hosts=[ac-dt2bl0m-shard-00-00.gzrxwmn.mongodb.net:27017, ac-dt2bl0m-shard-00-02.gzrxwmn.mongodb.net:27017, ac-dt2bl0m-shard-00-01.gzrxwmn.mongodb.net:27017], passives=[], arbiters=[], primary='ac-dt2bl0m-shard-00-02.gzrxwmn.mongodb.net:27017', tagSet=TagSet{[Tag{name='availabilityZone', value='aps1-az3'}, Tag{name='diskState', value='READY'}, Tag{name='nodeType', value='ELECTABLE'}, Tag{name='provider', value='AWS'}, Tag{name='region', value='AP_SOUTH_1'}, Tag{name='workloadType', value='OPERATIONAL'}]}, electionId=null, setVersion=1, topologyVersion=TopologyVersion{processId=65e2255cce991d59b870fde9, counter=3}, lastWriteDate=Sat Mar 02 20:43:02 IST 2024, lastUpdateTimeNanos=8412088335745}
20:43:06.480 2024-03-02 [http-nio-8081-exec-2] INFO  o.a.c.c.C.[Tomcat].[localhost].[/] --- Initializing Spring DispatcherServlet 'dispatcherServlet'
20:43:06.480 2024-03-02 [http-nio-8081-exec-2] INFO  o.s.web.servlet.DispatcherServlet --- Initializing Servlet 'dispatcherServlet'
20:43:06.481 2024-03-02 [http-nio-8081-exec-2] INFO  o.s.web.servlet.DispatcherServlet --- Completed initialization in 1 ms
20:43:06.498 2024-03-02 [http-nio-8081-exec-2] INFO  c.d.m.controller.ToDoListController --- Requested for all ToDos
20:46:01.929 2024-03-02 [background-preinit] INFO  o.h.validator.internal.util.Version --- HV000001: Hibernate Validator 8.0.1.Final
20:46:01.957 2024-03-02 [main] INFO  com.demo.myTodo.MyTodoApplication --- Starting MyTodoApplication using Java 17.0.9 with PID 52491 (/home/kj/Documents/SpringBoot Projects/RestAPI Projects/myTodo/build/classes/java/main started by kj in /home/kj/Documents/SpringBoot Projects/RestAPI Projects/myTodo)
20:46:01.958 2024-03-02 [main] INFO  com.demo.myTodo.MyTodoApplication --- No active profile set, falling back to 1 default profile: "default"
20:46:02.326 2024-03-02 [main] INFO  o.s.d.r.c.RepositoryConfigurationDelegate --- Multiple Spring Data modules found, entering strict repository configuration mode
20:46:02.327 2024-03-02 [main] INFO  o.s.d.r.c.RepositoryConfigurationDelegate --- Bootstrapping Spring Data MongoDB repositories in DEFAULT mode.
20:46:02.419 2024-03-02 [main] INFO  o.s.d.r.c.RepositoryConfigurationDelegate --- Finished Spring Data repository scanning in 89 ms. Found 1 MongoDB repository interface.
20:46:02.428 2024-03-02 [main] INFO  o.s.d.r.c.RepositoryConfigurationDelegate --- Multiple Spring Data modules found, entering strict repository configuration mode
20:46:02.428 2024-03-02 [main] INFO  o.s.d.r.c.RepositoryConfigurationDelegate --- Bootstrapping Spring Data Redis repositories in DEFAULT mode.
20:46:02.437 2024-03-02 [main] INFO  o.s.d.r.c.RepositoryConfigurationExtensionSupport --- Spring Data Redis - Could not safely identify store assignment for repository candidate interface com.demo.myTodo.repository.TodoRepository; If you want this repository to be a Redis repository, consider annotating your entities with one of these annotations: org.springframework.data.redis.core.RedisHash (preferred), or consider extending one of the following types with your repository: org.springframework.data.keyvalue.repository.KeyValueRepository
20:46:02.437 2024-03-02 [main] INFO  o.s.d.r.c.RepositoryConfigurationDelegate --- Finished Spring Data repository scanning in 4 ms. Found 0 Redis repository interfaces.
20:46:02.721 2024-03-02 [main] INFO  o.s.b.w.e.tomcat.TomcatWebServer --- Tomcat initialized with port(s): 8081 (http)
20:46:02.725 2024-03-02 [main] INFO  o.a.coyote.http11.Http11NioProtocol --- Initializing ProtocolHandler ["http-nio-8081"]
20:46:02.727 2024-03-02 [main] INFO  o.a.catalina.core.StandardService --- Starting service [Tomcat]
20:46:02.727 2024-03-02 [main] INFO  o.a.catalina.core.StandardEngine --- Starting Servlet engine: [Apache Tomcat/10.1.19]
20:46:02.782 2024-03-02 [main] INFO  o.a.c.c.C.[Tomcat].[localhost].[/] --- Initializing Spring embedded WebApplicationContext
20:46:02.783 2024-03-02 [main] INFO  o.s.b.w.s.c.ServletWebServerApplicationContext --- Root WebApplicationContext: initialization completed in 794 ms
20:46:03.048 2024-03-02 [main] INFO  org.mongodb.driver.client --- MongoClient with metadata {"driver": {"name": "mongo-java-driver|sync|spring-boot", "version": "4.9.1"}, "os": {"type": "Linux", "name": "Linux", "architecture": "amd64", "version": "6.5.0-21-generic"}, "platform": "Java/Oracle Corporation/17.0.9+11-LTS-201"} created with settings MongoClientSettings{readPreference=primary, writeConcern=WriteConcern{w=majority, wTimeout=null ms, journal=null}, retryWrites=true, retryReads=true, readConcern=ReadConcern{level=null}, credential=MongoCredential{mechanism=null, userName='kj', source='admin', password=<hidden>, mechanismProperties=<hidden>}, streamFactoryFactory=null, commandListeners=[], codecRegistry=ProvidersCodecRegistry{codecProviders=[ValueCodecProvider{}, BsonValueCodecProvider{}, DBRefCodecProvider{}, DBObjectCodecProvider{}, DocumentCodecProvider{}, CollectionCodecProvider{}, IterableCodecProvider{}, MapCodecProvider{}, GeoJsonCodecProvider{}, GridFSFileCodecProvider{}, Jsr310CodecProvider{}, JsonObjectCodecProvider{}, BsonCodecProvider{}, EnumCodecProvider{}, com.mongodb.client.model.mql.ExpressionCodecProvider@7e34b127, com.mongodb.Jep395RecordCodecProvider@679dd234]}, loggerSettings=LoggerSettings{maxDocumentLength=1000}, clusterSettings={hosts=[127.0.0.1:27017], srvHost=springbootprojects.gzrxwmn.mongodb.net, srvServiceName=mongodb, mode=MULTIPLE, requiredClusterType=REPLICA_SET, requiredReplicaSetName='atlas-ljrqzf-shard-0', serverSelector='null', clusterListeners='[]', serverSelectionTimeout='30000 ms', localThreshold='30000 ms'}, socketSettings=SocketSettings{connectTimeoutMS=10000, readTimeoutMS=0, receiveBufferSize=0, sendBufferSize=0}, heartbeatSocketSettings=SocketSettings{connectTimeoutMS=10000, readTimeoutMS=10000, receiveBufferSize=0, sendBufferSize=0}, connectionPoolSettings=ConnectionPoolSettings{maxSize=100, minSize=0, maxWaitTimeMS=120000, maxConnectionLifeTimeMS=0, maxConnectionIdleTimeMS=0, maintenanceInitialDelayMS=0, maintenanceFrequencyMS=60000, connectionPoolListeners=[], maxConnecting=2}, serverSettings=ServerSettings{heartbeatFrequencyMS=10000, minHeartbeatFrequencyMS=500, serverListeners='[]', serverMonitorListeners='[]'}, sslSettings=SslSettings{enabled=true, invalidHostNameAllowed=false, context=null}, applicationName='null', compressorList=[], uuidRepresentation=JAVA_LEGACY, serverApi=null, autoEncryptionSettings=null, contextProvider=null}
20:46:03.118 2024-03-02 [cluster-ClusterId{value='65e342b3ba074529c469606b', description='null'}-srv-springbootprojects.gzrxwmn.mongodb.net] INFO  org.mongodb.driver.cluster --- Adding discovered server ac-dt2bl0m-shard-00-01.gzrxwmn.mongodb.net:27017 to client view of cluster
20:46:03.132 2024-03-02 [cluster-ClusterId{value='65e342b3ba074529c469606b', description='null'}-srv-springbootprojects.gzrxwmn.mongodb.net] INFO  org.mongodb.driver.cluster --- Adding discovered server ac-dt2bl0m-shard-00-00.gzrxwmn.mongodb.net:27017 to client view of cluster
20:46:03.133 2024-03-02 [cluster-ClusterId{value='65e342b3ba074529c469606b', description='null'}-srv-springbootprojects.gzrxwmn.mongodb.net] INFO  org.mongodb.driver.cluster --- Adding discovered server ac-dt2bl0m-shard-00-02.gzrxwmn.mongodb.net:27017 to client view of cluster
20:46:03.605 2024-03-02 [main] INFO  o.a.coyote.http11.Http11NioProtocol --- Starting ProtocolHandler ["http-nio-8081"]
20:46:03.613 2024-03-02 [main] INFO  o.s.b.w.e.tomcat.TomcatWebServer --- Tomcat started on port(s): 8081 (http) with context path ''
20:46:03.618 2024-03-02 [main] INFO  com.demo.myTodo.MyTodoApplication --- Started MyTodoApplication in 1.871 seconds (process running for 2.175)
20:46:03.637 2024-03-02 [cluster-ClusterId{value='65e342b3ba074529c469606b', description='null'}-ac-dt2bl0m-shard-00-01.gzrxwmn.mongodb.net:27017] INFO  org.mongodb.driver.cluster --- Monitor thread successfully connected to server with description ServerDescription{address=ac-dt2bl0m-shard-00-01.gzrxwmn.mongodb.net:27017, type=REPLICA_SET_SECONDARY, state=CONNECTED, ok=true, minWireVersion=0, maxWireVersion=17, maxDocumentSize=16777216, logicalSessionTimeoutMinutes=30, roundTripTimeNanos=238634496, setName='atlas-ljrqzf-shard-0', canonicalAddress=ac-dt2bl0m-shard-00-01.gzrxwmn.mongodb.net:27017, hosts=[ac-dt2bl0m-shard-00-00.gzrxwmn.mongodb.net:27017, ac-dt2bl0m-shard-00-02.gzrxwmn.mongodb.net:27017, ac-dt2bl0m-shard-00-01.gzrxwmn.mongodb.net:27017], passives=[], arbiters=[], primary='ac-dt2bl0m-shard-00-02.gzrxwmn.mongodb.net:27017', tagSet=TagSet{[Tag{name='availabilityZone', value='aps1-az3'}, Tag{name='diskState', value='READY'}, Tag{name='nodeType', value='ELECTABLE'}, Tag{name='provider', value='AWS'}, Tag{name='region', value='AP_SOUTH_1'}, Tag{name='workloadType', value='OPERATIONAL'}]}, electionId=null, setVersion=1, topologyVersion=TopologyVersion{processId=65e2255cce991d59b870fde9, counter=3}, lastWriteDate=Sat Mar 02 20:46:03 IST 2024, lastUpdateTimeNanos=8593020740572}
20:46:03.637 2024-03-02 [cluster-ClusterId{value='65e342b3ba074529c469606b', description='null'}-ac-dt2bl0m-shard-00-00.gzrxwmn.mongodb.net:27017] INFO  org.mongodb.driver.cluster --- Monitor thread successfully connected to server with description ServerDescription{address=ac-dt2bl0m-shard-00-00.gzrxwmn.mongodb.net:27017, type=REPLICA_SET_SECONDARY, state=CONNECTED, ok=true, minWireVersion=0, maxWireVersion=17, maxDocumentSize=16777216, logicalSessionTimeoutMinutes=30, roundTripTimeNanos=214265239, setName='atlas-ljrqzf-shard-0', canonicalAddress=ac-dt2bl0m-shard-00-00.gzrxwmn.mongodb.net:27017, hosts=[ac-dt2bl0m-shard-00-00.gzrxwmn.mongodb.net:27017, ac-dt2bl0m-shard-00-02.gzrxwmn.mongodb.net:27017, ac-dt2bl0m-shard-00-01.gzrxwmn.mongodb.net:27017], passives=[], arbiters=[], primary='ac-dt2bl0m-shard-00-02.gzrxwmn.mongodb.net:27017', tagSet=TagSet{[Tag{name='availabilityZone', value='aps1-az1'}, Tag{name='diskState', value='READY'}, Tag{name='nodeType', value='ELECTABLE'}, Tag{name='provider', value='AWS'}, Tag{name='region', value='AP_SOUTH_1'}, Tag{name='workloadType', value='OPERATIONAL'}]}, electionId=null, setVersion=1, topologyVersion=TopologyVersion{processId=65e222e2376c7e38a0a22c1e, counter=4}, lastWriteDate=Sat Mar 02 20:46:03 IST 2024, lastUpdateTimeNanos=8593020740572}
20:46:03.637 2024-03-02 [cluster-ClusterId{value='65e342b3ba074529c469606b', description='null'}-ac-dt2bl0m-shard-00-02.gzrxwmn.mongodb.net:27017] INFO  org.mongodb.driver.cluster --- Monitor thread successfully connected to server with description ServerDescription{address=ac-dt2bl0m-shard-00-02.gzrxwmn.mongodb.net:27017, type=REPLICA_SET_PRIMARY, state=CONNECTED, ok=true, minWireVersion=0, maxWireVersion=17, maxDocumentSize=16777216, logicalSessionTimeoutMinutes=30, roundTripTimeNanos=232303708, setName='atlas-ljrqzf-shard-0', canonicalAddress=ac-dt2bl0m-shard-00-02.gzrxwmn.mongodb.net:27017, hosts=[ac-dt2bl0m-shard-00-00.gzrxwmn.mongodb.net:27017, ac-dt2bl0m-shard-00-02.gzrxwmn.mongodb.net:27017, ac-dt2bl0m-shard-00-01.gzrxwmn.mongodb.net:27017], passives=[], arbiters=[], primary='ac-dt2bl0m-shard-00-02.gzrxwmn.mongodb.net:27017', tagSet=TagSet{[Tag{name='availabilityZone', value='aps1-az2'}, Tag{name='diskState', value='READY'}, Tag{name='nodeType', value='ELECTABLE'}, Tag{name='provider', value='AWS'}, Tag{name='region', value='AP_SOUTH_1'}, Tag{name='workloadType', value='OPERATIONAL'}]}, electionId=7fffffff0000000000000007, setVersion=1, topologyVersion=TopologyVersion{processId=65e22437e631381bcfbc6a59, counter=6}, lastWriteDate=Sat Mar 02 20:46:03 IST 2024, lastUpdateTimeNanos=8593020740572}
20:46:03.639 2024-03-02 [cluster-ClusterId{value='65e342b3ba074529c469606b', description='null'}-ac-dt2bl0m-shard-00-02.gzrxwmn.mongodb.net:27017] INFO  org.mongodb.driver.cluster --- Discovered replica set primary ac-dt2bl0m-shard-00-02.gzrxwmn.mongodb.net:27017 with max election id 7fffffff0000000000000007 and max set version 1
20:46:11.428 2024-03-02 [http-nio-8081-exec-2] INFO  o.a.c.c.C.[Tomcat].[localhost].[/] --- Initializing Spring DispatcherServlet 'dispatcherServlet'
20:46:11.428 2024-03-02 [http-nio-8081-exec-2] INFO  o.s.web.servlet.DispatcherServlet --- Initializing Servlet 'dispatcherServlet'
20:46:11.429 2024-03-02 [http-nio-8081-exec-2] INFO  o.s.web.servlet.DispatcherServlet --- Completed initialization in 1 ms
20:46:11.696 2024-03-02 [http-nio-8081-exec-2] INFO  c.d.m.controller.ToDoListController --- Requested for all ToDos
20:51:22.298 2024-03-02 [background-preinit] INFO  o.h.validator.internal.util.Version --- HV000001: Hibernate Validator 8.0.1.Final
20:51:22.343 2024-03-02 [main] INFO  com.demo.myTodo.MyTodoApplication --- Starting MyTodoApplication using Java 17.0.9 with PID 54426 (/home/kj/Documents/SpringBoot Projects/RestAPI Projects/myTodo/build/classes/java/main started by kj in /home/kj/Documents/SpringBoot Projects/RestAPI Projects/myTodo)
20:51:22.344 2024-03-02 [main] INFO  com.demo.myTodo.MyTodoApplication --- No active profile set, falling back to 1 default profile: "default"
20:51:22.774 2024-03-02 [main] INFO  o.s.d.r.c.RepositoryConfigurationDelegate --- Multiple Spring Data modules found, entering strict repository configuration mode
20:51:22.775 2024-03-02 [main] INFO  o.s.d.r.c.RepositoryConfigurationDelegate --- Bootstrapping Spring Data MongoDB repositories in DEFAULT mode.
20:51:22.873 2024-03-02 [main] INFO  o.s.d.r.c.RepositoryConfigurationDelegate --- Finished Spring Data repository scanning in 95 ms. Found 1 MongoDB repository interface.
20:51:22.883 2024-03-02 [main] INFO  o.s.d.r.c.RepositoryConfigurationDelegate --- Multiple Spring Data modules found, entering strict repository configuration mode
20:51:22.884 2024-03-02 [main] INFO  o.s.d.r.c.RepositoryConfigurationDelegate --- Bootstrapping Spring Data Redis repositories in DEFAULT mode.
20:51:22.894 2024-03-02 [main] INFO  o.s.d.r.c.RepositoryConfigurationExtensionSupport --- Spring Data Redis - Could not safely identify store assignment for repository candidate interface com.demo.myTodo.repository.TodoRepository; If you want this repository to be a Redis repository, consider annotating your entities with one of these annotations: org.springframework.data.redis.core.RedisHash (preferred), or consider extending one of the following types with your repository: org.springframework.data.keyvalue.repository.KeyValueRepository
20:51:22.894 2024-03-02 [main] INFO  o.s.d.r.c.RepositoryConfigurationDelegate --- Finished Spring Data repository scanning in 5 ms. Found 0 Redis repository interfaces.
20:51:23.191 2024-03-02 [main] INFO  o.s.b.w.e.tomcat.TomcatWebServer --- Tomcat initialized with port(s): 8081 (http)
20:51:23.196 2024-03-02 [main] INFO  o.a.coyote.http11.Http11NioProtocol --- Initializing ProtocolHandler ["http-nio-8081"]
20:51:23.198 2024-03-02 [main] INFO  o.a.catalina.core.StandardService --- Starting service [Tomcat]
20:51:23.198 2024-03-02 [main] INFO  o.a.catalina.core.StandardEngine --- Starting Servlet engine: [Apache Tomcat/10.1.19]
20:51:23.256 2024-03-02 [main] INFO  o.a.c.c.C.[Tomcat].[localhost].[/] --- Initializing Spring embedded WebApplicationContext
20:51:23.257 2024-03-02 [main] INFO  o.s.b.w.s.c.ServletWebServerApplicationContext --- Root WebApplicationContext: initialization completed in 867 ms
20:51:23.458 2024-03-02 [main] INFO  org.mongodb.driver.client --- MongoClient with metadata {"driver": {"name": "mongo-java-driver|sync|spring-boot", "version": "4.9.1"}, "os": {"type": "Linux", "name": "Linux", "architecture": "amd64", "version": "6.5.0-21-generic"}, "platform": "Java/Oracle Corporation/17.0.9+11-LTS-201"} created with settings MongoClientSettings{readPreference=primary, writeConcern=WriteConcern{w=majority, wTimeout=null ms, journal=null}, retryWrites=true, retryReads=true, readConcern=ReadConcern{level=null}, credential=MongoCredential{mechanism=null, userName='kj', source='admin', password=<hidden>, mechanismProperties=<hidden>}, streamFactoryFactory=null, commandListeners=[], codecRegistry=ProvidersCodecRegistry{codecProviders=[ValueCodecProvider{}, BsonValueCodecProvider{}, DBRefCodecProvider{}, DBObjectCodecProvider{}, DocumentCodecProvider{}, CollectionCodecProvider{}, IterableCodecProvider{}, MapCodecProvider{}, GeoJsonCodecProvider{}, GridFSFileCodecProvider{}, Jsr310CodecProvider{}, JsonObjectCodecProvider{}, BsonCodecProvider{}, EnumCodecProvider{}, com.mongodb.client.model.mql.ExpressionCodecProvider@62b09715, com.mongodb.Jep395RecordCodecProvider@3e214105]}, loggerSettings=LoggerSettings{maxDocumentLength=1000}, clusterSettings={hosts=[127.0.0.1:27017], srvHost=springbootprojects.gzrxwmn.mongodb.net, srvServiceName=mongodb, mode=MULTIPLE, requiredClusterType=REPLICA_SET, requiredReplicaSetName='atlas-ljrqzf-shard-0', serverSelector='null', clusterListeners='[]', serverSelectionTimeout='30000 ms', localThreshold='30000 ms'}, socketSettings=SocketSettings{connectTimeoutMS=10000, readTimeoutMS=0, receiveBufferSize=0, sendBufferSize=0}, heartbeatSocketSettings=SocketSettings{connectTimeoutMS=10000, readTimeoutMS=10000, receiveBufferSize=0, sendBufferSize=0}, connectionPoolSettings=ConnectionPoolSettings{maxSize=100, minSize=0, maxWaitTimeMS=120000, maxConnectionLifeTimeMS=0, maxConnectionIdleTimeMS=0, maintenanceInitialDelayMS=0, maintenanceFrequencyMS=60000, connectionPoolListeners=[], maxConnecting=2}, serverSettings=ServerSettings{heartbeatFrequencyMS=10000, minHeartbeatFrequencyMS=500, serverListeners='[]', serverMonitorListeners='[]'}, sslSettings=SslSettings{enabled=true, invalidHostNameAllowed=false, context=null}, applicationName='null', compressorList=[], uuidRepresentation=JAVA_LEGACY, serverApi=null, autoEncryptionSettings=null, contextProvider=null}
20:51:23.510 2024-03-02 [cluster-ClusterId{value='65e343f31ee5497cc961571d', description='null'}-srv-springbootprojects.gzrxwmn.mongodb.net] INFO  org.mongodb.driver.cluster --- Adding discovered server ac-dt2bl0m-shard-00-01.gzrxwmn.mongodb.net:27017 to client view of cluster
20:51:23.525 2024-03-02 [cluster-ClusterId{value='65e343f31ee5497cc961571d', description='null'}-srv-springbootprojects.gzrxwmn.mongodb.net] INFO  org.mongodb.driver.cluster --- Adding discovered server ac-dt2bl0m-shard-00-00.gzrxwmn.mongodb.net:27017 to client view of cluster
20:51:23.527 2024-03-02 [cluster-ClusterId{value='65e343f31ee5497cc961571d', description='null'}-srv-springbootprojects.gzrxwmn.mongodb.net] INFO  org.mongodb.driver.cluster --- Adding discovered server ac-dt2bl0m-shard-00-02.gzrxwmn.mongodb.net:27017 to client view of cluster
20:51:24.030 2024-03-02 [cluster-ClusterId{value='65e343f31ee5497cc961571d', description='null'}-ac-dt2bl0m-shard-00-00.gzrxwmn.mongodb.net:27017] INFO  org.mongodb.driver.cluster --- Monitor thread successfully connected to server with description ServerDescription{address=ac-dt2bl0m-shard-00-00.gzrxwmn.mongodb.net:27017, type=REPLICA_SET_SECONDARY, state=CONNECTED, ok=true, minWireVersion=0, maxWireVersion=17, maxDocumentSize=16777216, logicalSessionTimeoutMinutes=30, roundTripTimeNanos=194784809, setName='atlas-ljrqzf-shard-0', canonicalAddress=ac-dt2bl0m-shard-00-00.gzrxwmn.mongodb.net:27017, hosts=[ac-dt2bl0m-shard-00-00.gzrxwmn.mongodb.net:27017, ac-dt2bl0m-shard-00-02.gzrxwmn.mongodb.net:27017, ac-dt2bl0m-shard-00-01.gzrxwmn.mongodb.net:27017], passives=[], arbiters=[], primary='ac-dt2bl0m-shard-00-02.gzrxwmn.mongodb.net:27017', tagSet=TagSet{[Tag{name='availabilityZone', value='aps1-az1'}, Tag{name='diskState', value='READY'}, Tag{name='nodeType', value='ELECTABLE'}, Tag{name='provider', value='AWS'}, Tag{name='region', value='AP_SOUTH_1'}, Tag{name='workloadType', value='OPERATIONAL'}]}, electionId=null, setVersion=1, topologyVersion=TopologyVersion{processId=65e222e2376c7e38a0a22c1e, counter=4}, lastWriteDate=Sat Mar 02 20:51:23 IST 2024, lastUpdateTimeNanos=8913413354472}
20:51:24.058 2024-03-02 [cluster-ClusterId{value='65e343f31ee5497cc961571d', description='null'}-ac-dt2bl0m-shard-00-01.gzrxwmn.mongodb.net:27017] INFO  org.mongodb.driver.cluster --- Monitor thread successfully connected to server with description ServerDescription{address=ac-dt2bl0m-shard-00-01.gzrxwmn.mongodb.net:27017, type=REPLICA_SET_SECONDARY, state=CONNECTED, ok=true, minWireVersion=0, maxWireVersion=17, maxDocumentSize=16777216, logicalSessionTimeoutMinutes=30, roundTripTimeNanos=122033535, setName='atlas-ljrqzf-shard-0', canonicalAddress=ac-dt2bl0m-shard-00-01.gzrxwmn.mongodb.net:27017, hosts=[ac-dt2bl0m-shard-00-00.gzrxwmn.mongodb.net:27017, ac-dt2bl0m-shard-00-02.gzrxwmn.mongodb.net:27017, ac-dt2bl0m-shard-00-01.gzrxwmn.mongodb.net:27017], passives=[], arbiters=[], primary='ac-dt2bl0m-shard-00-02.gzrxwmn.mongodb.net:27017', tagSet=TagSet{[Tag{name='availabilityZone', value='aps1-az3'}, Tag{name='diskState', value='READY'}, Tag{name='nodeType', value='ELECTABLE'}, Tag{name='provider', value='AWS'}, Tag{name='region', value='AP_SOUTH_1'}, Tag{name='workloadType', value='OPERATIONAL'}]}, electionId=null, setVersion=1, topologyVersion=TopologyVersion{processId=65e2255cce991d59b870fde9, counter=3}, lastWriteDate=Sat Mar 02 20:51:24 IST 2024, lastUpdateTimeNanos=8913442970665}
20:51:24.075 2024-03-02 [main] INFO  o.a.coyote.http11.Http11NioProtocol --- Starting ProtocolHandler ["http-nio-8081"]
20:51:24.085 2024-03-02 [main] INFO  o.s.b.w.e.tomcat.TomcatWebServer --- Tomcat started on port(s): 8081 (http) with context path ''
20:51:24.090 2024-03-02 [main] INFO  com.demo.myTodo.MyTodoApplication --- Started MyTodoApplication in 2.069 seconds (process running for 2.545)
20:51:24.135 2024-03-02 [cluster-ClusterId{value='65e343f31ee5497cc961571d', description='null'}-ac-dt2bl0m-shard-00-02.gzrxwmn.mongodb.net:27017] INFO  org.mongodb.driver.cluster --- Monitor thread successfully connected to server with description ServerDescription{address=ac-dt2bl0m-shard-00-02.gzrxwmn.mongodb.net:27017, type=REPLICA_SET_PRIMARY, state=CONNECTED, ok=true, minWireVersion=0, maxWireVersion=17, maxDocumentSize=16777216, logicalSessionTimeoutMinutes=30, roundTripTimeNanos=301831243, setName='atlas-ljrqzf-shard-0', canonicalAddress=ac-dt2bl0m-shard-00-02.gzrxwmn.mongodb.net:27017, hosts=[ac-dt2bl0m-shard-00-00.gzrxwmn.mongodb.net:27017, ac-dt2bl0m-shard-00-02.gzrxwmn.mongodb.net:27017, ac-dt2bl0m-shard-00-01.gzrxwmn.mongodb.net:27017], passives=[], arbiters=[], primary='ac-dt2bl0m-shard-00-02.gzrxwmn.mongodb.net:27017', tagSet=TagSet{[Tag{name='availabilityZone', value='aps1-az2'}, Tag{name='diskState', value='READY'}, Tag{name='nodeType', value='ELECTABLE'}, Tag{name='provider', value='AWS'}, Tag{name='region', value='AP_SOUTH_1'}, Tag{name='workloadType', value='OPERATIONAL'}]}, electionId=7fffffff0000000000000007, setVersion=1, topologyVersion=TopologyVersion{processId=65e22437e631381bcfbc6a59, counter=6}, lastWriteDate=Sat Mar 02 20:51:24 IST 2024, lastUpdateTimeNanos=8913520395040}
20:51:24.136 2024-03-02 [cluster-ClusterId{value='65e343f31ee5497cc961571d', description='null'}-ac-dt2bl0m-shard-00-02.gzrxwmn.mongodb.net:27017] INFO  org.mongodb.driver.cluster --- Discovered replica set primary ac-dt2bl0m-shard-00-02.gzrxwmn.mongodb.net:27017 with max election id 7fffffff0000000000000007 and max set version 1
20:51:50.083 2024-03-02 [http-nio-8081-exec-2] INFO  o.a.c.c.C.[Tomcat].[localhost].[/] --- Initializing Spring DispatcherServlet 'dispatcherServlet'
20:51:50.083 2024-03-02 [http-nio-8081-exec-2] INFO  o.s.web.servlet.DispatcherServlet --- Initializing Servlet 'dispatcherServlet'
20:51:50.084 2024-03-02 [http-nio-8081-exec-2] INFO  o.s.web.servlet.DispatcherServlet --- Completed initialization in 1 ms
20:55:12.761 2024-03-02 [background-preinit] INFO  o.h.validator.internal.util.Version --- HV000001: Hibernate Validator 8.0.1.Final
20:55:12.801 2024-03-02 [main] INFO  com.demo.myTodo.MyTodoApplication --- Starting MyTodoApplication using Java 17.0.9 with PID 55916 (/home/kj/Documents/SpringBoot Projects/RestAPI Projects/myTodo/build/classes/java/main started by kj in /home/kj/Documents/SpringBoot Projects/RestAPI Projects/myTodo)
20:55:12.803 2024-03-02 [main] INFO  com.demo.myTodo.MyTodoApplication --- No active profile set, falling back to 1 default profile: "default"
20:55:13.395 2024-03-02 [main] INFO  o.s.d.r.c.RepositoryConfigurationDelegate --- Multiple Spring Data modules found, entering strict repository configuration mode
20:55:13.397 2024-03-02 [main] INFO  o.s.d.r.c.RepositoryConfigurationDelegate --- Bootstrapping Spring Data MongoDB repositories in DEFAULT mode.
20:55:13.528 2024-03-02 [main] INFO  o.s.d.r.c.RepositoryConfigurationDelegate --- Finished Spring Data repository scanning in 128 ms. Found 1 MongoDB repository interface.
20:55:13.541 2024-03-02 [main] INFO  o.s.d.r.c.RepositoryConfigurationDelegate --- Multiple Spring Data modules found, entering strict repository configuration mode
20:55:13.542 2024-03-02 [main] INFO  o.s.d.r.c.RepositoryConfigurationDelegate --- Bootstrapping Spring Data Redis repositories in DEFAULT mode.
20:55:13.555 2024-03-02 [main] INFO  o.s.d.r.c.RepositoryConfigurationExtensionSupport --- Spring Data Redis - Could not safely identify store assignment for repository candidate interface com.demo.myTodo.repository.TodoRepository; If you want this repository to be a Redis repository, consider annotating your entities with one of these annotations: org.springframework.data.redis.core.RedisHash (preferred), or consider extending one of the following types with your repository: org.springframework.data.keyvalue.repository.KeyValueRepository
20:55:13.555 2024-03-02 [main] INFO  o.s.d.r.c.RepositoryConfigurationDelegate --- Finished Spring Data repository scanning in 6 ms. Found 0 Redis repository interfaces.
20:55:13.928 2024-03-02 [main] INFO  o.s.b.w.e.tomcat.TomcatWebServer --- Tomcat initialized with port(s): 8081 (http)
20:55:13.934 2024-03-02 [main] INFO  o.a.coyote.http11.Http11NioProtocol --- Initializing ProtocolHandler ["http-nio-8081"]
20:55:13.935 2024-03-02 [main] INFO  o.a.catalina.core.StandardService --- Starting service [Tomcat]
20:55:13.935 2024-03-02 [main] INFO  o.a.catalina.core.StandardEngine --- Starting Servlet engine: [Apache Tomcat/10.1.19]
20:55:13.994 2024-03-02 [main] INFO  o.a.c.c.C.[Tomcat].[localhost].[/] --- Initializing Spring embedded WebApplicationContext
20:55:13.995 2024-03-02 [main] INFO  o.s.b.w.s.c.ServletWebServerApplicationContext --- Root WebApplicationContext: initialization completed in 1146 ms
20:55:14.266 2024-03-02 [main] INFO  org.mongodb.driver.client --- MongoClient with metadata {"driver": {"name": "mongo-java-driver|sync|spring-boot", "version": "4.9.1"}, "os": {"type": "Linux", "name": "Linux", "architecture": "amd64", "version": "6.5.0-21-generic"}, "platform": "Java/Oracle Corporation/17.0.9+11-LTS-201"} created with settings MongoClientSettings{readPreference=primary, writeConcern=WriteConcern{w=majority, wTimeout=null ms, journal=null}, retryWrites=true, retryReads=true, readConcern=ReadConcern{level=null}, credential=MongoCredential{mechanism=null, userName='kj', source='admin', password=<hidden>, mechanismProperties=<hidden>}, streamFactoryFactory=null, commandListeners=[], codecRegistry=ProvidersCodecRegistry{codecProviders=[ValueCodecProvider{}, BsonValueCodecProvider{}, DBRefCodecProvider{}, DBObjectCodecProvider{}, DocumentCodecProvider{}, CollectionCodecProvider{}, IterableCodecProvider{}, MapCodecProvider{}, GeoJsonCodecProvider{}, GridFSFileCodecProvider{}, Jsr310CodecProvider{}, JsonObjectCodecProvider{}, BsonCodecProvider{}, EnumCodecProvider{}, com.mongodb.client.model.mql.ExpressionCodecProvider@5f8d9767, com.mongodb.Jep395RecordCodecProvider@16134476]}, loggerSettings=LoggerSettings{maxDocumentLength=1000}, clusterSettings={hosts=[127.0.0.1:27017], srvHost=springbootprojects.gzrxwmn.mongodb.net, srvServiceName=mongodb, mode=MULTIPLE, requiredClusterType=REPLICA_SET, requiredReplicaSetName='atlas-ljrqzf-shard-0', serverSelector='null', clusterListeners='[]', serverSelectionTimeout='30000 ms', localThreshold='30000 ms'}, socketSettings=SocketSettings{connectTimeoutMS=10000, readTimeoutMS=0, receiveBufferSize=0, sendBufferSize=0}, heartbeatSocketSettings=SocketSettings{connectTimeoutMS=10000, readTimeoutMS=10000, receiveBufferSize=0, sendBufferSize=0}, connectionPoolSettings=ConnectionPoolSettings{maxSize=100, minSize=0, maxWaitTimeMS=120000, maxConnectionLifeTimeMS=0, maxConnectionIdleTimeMS=0, maintenanceInitialDelayMS=0, maintenanceFrequencyMS=60000, connectionPoolListeners=[], maxConnecting=2}, serverSettings=ServerSettings{heartbeatFrequencyMS=10000, minHeartbeatFrequencyMS=500, serverListeners='[]', serverMonitorListeners='[]'}, sslSettings=SslSettings{enabled=true, invalidHostNameAllowed=false, context=null}, applicationName='null', compressorList=[], uuidRepresentation=JAVA_LEGACY, serverApi=null, autoEncryptionSettings=null, contextProvider=null}
20:55:14.535 2024-03-02 [cluster-ClusterId{value='65e344da2fcce225ddcebeaa', description='null'}-srv-springbootprojects.gzrxwmn.mongodb.net] INFO  org.mongodb.driver.cluster --- Adding discovered server ac-dt2bl0m-shard-00-01.gzrxwmn.mongodb.net:27017 to client view of cluster
20:55:14.549 2024-03-02 [cluster-ClusterId{value='65e344da2fcce225ddcebeaa', description='null'}-srv-springbootprojects.gzrxwmn.mongodb.net] INFO  org.mongodb.driver.cluster --- Adding discovered server ac-dt2bl0m-shard-00-00.gzrxwmn.mongodb.net:27017 to client view of cluster
20:55:14.550 2024-03-02 [cluster-ClusterId{value='65e344da2fcce225ddcebeaa', description='null'}-srv-springbootprojects.gzrxwmn.mongodb.net] INFO  org.mongodb.driver.cluster --- Adding discovered server ac-dt2bl0m-shard-00-02.gzrxwmn.mongodb.net:27017 to client view of cluster
20:55:14.864 2024-03-02 [main] INFO  o.a.coyote.http11.Http11NioProtocol --- Starting ProtocolHandler ["http-nio-8081"]
20:55:14.874 2024-03-02 [main] INFO  o.s.b.w.e.tomcat.TomcatWebServer --- Tomcat started on port(s): 8081 (http) with context path ''
20:55:14.881 2024-03-02 [main] INFO  com.demo.myTodo.MyTodoApplication --- Started MyTodoApplication in 2.333 seconds (process running for 2.679)
20:55:15.044 2024-03-02 [cluster-ClusterId{value='65e344da2fcce225ddcebeaa', description='null'}-ac-dt2bl0m-shard-00-02.gzrxwmn.mongodb.net:27017] INFO  org.mongodb.driver.cluster --- Monitor thread successfully connected to server with description ServerDescription{address=ac-dt2bl0m-shard-00-02.gzrxwmn.mongodb.net:27017, type=REPLICA_SET_PRIMARY, state=CONNECTED, ok=true, minWireVersion=0, maxWireVersion=17, maxDocumentSize=16777216, logicalSessionTimeoutMinutes=30, roundTripTimeNanos=205154856, setName='atlas-ljrqzf-shard-0', canonicalAddress=ac-dt2bl0m-shard-00-02.gzrxwmn.mongodb.net:27017, hosts=[ac-dt2bl0m-shard-00-00.gzrxwmn.mongodb.net:27017, ac-dt2bl0m-shard-00-02.gzrxwmn.mongodb.net:27017, ac-dt2bl0m-shard-00-01.gzrxwmn.mongodb.net:27017], passives=[], arbiters=[], primary='ac-dt2bl0m-shard-00-02.gzrxwmn.mongodb.net:27017', tagSet=TagSet{[Tag{name='availabilityZone', value='aps1-az2'}, Tag{name='diskState', value='READY'}, Tag{name='nodeType', value='ELECTABLE'}, Tag{name='provider', value='AWS'}, Tag{name='region', value='AP_SOUTH_1'}, Tag{name='workloadType', value='OPERATIONAL'}]}, electionId=7fffffff0000000000000007, setVersion=1, topologyVersion=TopologyVersion{processId=65e22437e631381bcfbc6a59, counter=6}, lastWriteDate=Sat Mar 02 20:55:14 IST 2024, lastUpdateTimeNanos=9144429113211}
20:55:15.044 2024-03-02 [cluster-ClusterId{value='65e344da2fcce225ddcebeaa', description='null'}-ac-dt2bl0m-shard-00-01.gzrxwmn.mongodb.net:27017] INFO  org.mongodb.driver.cluster --- Monitor thread successfully connected to server with description ServerDescription{address=ac-dt2bl0m-shard-00-01.gzrxwmn.mongodb.net:27017, type=REPLICA_SET_SECONDARY, state=CONNECTED, ok=true, minWireVersion=0, maxWireVersion=17, maxDocumentSize=16777216, logicalSessionTimeoutMinutes=30, roundTripTimeNanos=205237474, setName='atlas-ljrqzf-shard-0', canonicalAddress=ac-dt2bl0m-shard-00-01.gzrxwmn.mongodb.net:27017, hosts=[ac-dt2bl0m-shard-00-00.gzrxwmn.mongodb.net:27017, ac-dt2bl0m-shard-00-02.gzrxwmn.mongodb.net:27017, ac-dt2bl0m-shard-00-01.gzrxwmn.mongodb.net:27017], passives=[], arbiters=[], primary='ac-dt2bl0m-shard-00-02.gzrxwmn.mongodb.net:27017', tagSet=TagSet{[Tag{name='availabilityZone', value='aps1-az3'}, Tag{name='diskState', value='READY'}, Tag{name='nodeType', value='ELECTABLE'}, Tag{name='provider', value='AWS'}, Tag{name='region', value='AP_SOUTH_1'}, Tag{name='workloadType', value='OPERATIONAL'}]}, electionId=null, setVersion=1, topologyVersion=TopologyVersion{processId=65e2255cce991d59b870fde9, counter=3}, lastWriteDate=Sat Mar 02 20:55:14 IST 2024, lastUpdateTimeNanos=9144429190452}
20:55:15.044 2024-03-02 [cluster-ClusterId{value='65e344da2fcce225ddcebeaa', description='null'}-ac-dt2bl0m-shard-00-00.gzrxwmn.mongodb.net:27017] INFO  org.mongodb.driver.cluster --- Monitor thread successfully connected to server with description ServerDescription{address=ac-dt2bl0m-shard-00-00.gzrxwmn.mongodb.net:27017, type=REPLICA_SET_SECONDARY, state=CONNECTED, ok=true, minWireVersion=0, maxWireVersion=17, maxDocumentSize=16777216, logicalSessionTimeoutMinutes=30, roundTripTimeNanos=160443031, setName='atlas-ljrqzf-shard-0', canonicalAddress=ac-dt2bl0m-shard-00-00.gzrxwmn.mongodb.net:27017, hosts=[ac-dt2bl0m-shard-00-00.gzrxwmn.mongodb.net:27017, ac-dt2bl0m-shard-00-02.gzrxwmn.mongodb.net:27017, ac-dt2bl0m-shard-00-01.gzrxwmn.mongodb.net:27017], passives=[], arbiters=[], primary='ac-dt2bl0m-shard-00-02.gzrxwmn.mongodb.net:27017', tagSet=TagSet{[Tag{name='availabilityZone', value='aps1-az1'}, Tag{name='diskState', value='READY'}, Tag{name='nodeType', value='ELECTABLE'}, Tag{name='provider', value='AWS'}, Tag{name='region', value='AP_SOUTH_1'}, Tag{name='workloadType', value='OPERATIONAL'}]}, electionId=null, setVersion=1, topologyVersion=TopologyVersion{processId=65e222e2376c7e38a0a22c1e, counter=4}, lastWriteDate=Sat Mar 02 20:55:14 IST 2024, lastUpdateTimeNanos=9144429403667}
20:55:15.047 2024-03-02 [cluster-ClusterId{value='65e344da2fcce225ddcebeaa', description='null'}-ac-dt2bl0m-shard-00-02.gzrxwmn.mongodb.net:27017] INFO  org.mongodb.driver.cluster --- Discovered replica set primary ac-dt2bl0m-shard-00-02.gzrxwmn.mongodb.net:27017 with max election id 7fffffff0000000000000007 and max set version 1
20:55:29.384 2024-03-02 [http-nio-8081-exec-2] INFO  o.a.c.c.C.[Tomcat].[localhost].[/] --- Initializing Spring DispatcherServlet 'dispatcherServlet'
20:55:29.384 2024-03-02 [http-nio-8081-exec-2] INFO  o.s.web.servlet.DispatcherServlet --- Initializing Servlet 'dispatcherServlet'
20:55:29.385 2024-03-02 [http-nio-8081-exec-2] INFO  o.s.web.servlet.DispatcherServlet --- Completed initialization in 1 ms
21:00:07.231 2024-03-02 [background-preinit] INFO  o.h.validator.internal.util.Version --- HV000001: Hibernate Validator 8.0.1.Final
21:00:07.261 2024-03-02 [main] INFO  com.demo.myTodo.MyTodoApplication --- Starting MyTodoApplication using Java 17.0.9 with PID 57806 (/home/kj/Documents/SpringBoot Projects/RestAPI Projects/myTodo/build/classes/java/main started by kj in /home/kj/Documents/SpringBoot Projects/RestAPI Projects/myTodo)
21:00:07.262 2024-03-02 [main] INFO  com.demo.myTodo.MyTodoApplication --- No active profile set, falling back to 1 default profile: "default"
21:00:07.662 2024-03-02 [main] INFO  o.s.d.r.c.RepositoryConfigurationDelegate --- Multiple Spring Data modules found, entering strict repository configuration mode
21:00:07.663 2024-03-02 [main] INFO  o.s.d.r.c.RepositoryConfigurationDelegate --- Bootstrapping Spring Data MongoDB repositories in DEFAULT mode.
21:00:07.760 2024-03-02 [main] INFO  o.s.d.r.c.RepositoryConfigurationDelegate --- Finished Spring Data repository scanning in 94 ms. Found 1 MongoDB repository interface.
21:00:07.769 2024-03-02 [main] INFO  o.s.d.r.c.RepositoryConfigurationDelegate --- Multiple Spring Data modules found, entering strict repository configuration mode
21:00:07.770 2024-03-02 [main] INFO  o.s.d.r.c.RepositoryConfigurationDelegate --- Bootstrapping Spring Data Redis repositories in DEFAULT mode.
21:00:07.780 2024-03-02 [main] INFO  o.s.d.r.c.RepositoryConfigurationExtensionSupport --- Spring Data Redis - Could not safely identify store assignment for repository candidate interface com.demo.myTodo.repository.TodoRepository; If you want this repository to be a Redis repository, consider annotating your entities with one of these annotations: org.springframework.data.redis.core.RedisHash (preferred), or consider extending one of the following types with your repository: org.springframework.data.keyvalue.repository.KeyValueRepository
21:00:07.780 2024-03-02 [main] INFO  o.s.d.r.c.RepositoryConfigurationDelegate --- Finished Spring Data repository scanning in 5 ms. Found 0 Redis repository interfaces.
21:00:08.085 2024-03-02 [main] INFO  o.s.b.w.e.tomcat.TomcatWebServer --- Tomcat initialized with port(s): 8081 (http)
21:00:08.090 2024-03-02 [main] INFO  o.a.coyote.http11.Http11NioProtocol --- Initializing ProtocolHandler ["http-nio-8081"]
21:00:08.091 2024-03-02 [main] INFO  o.a.catalina.core.StandardService --- Starting service [Tomcat]
21:00:08.092 2024-03-02 [main] INFO  o.a.catalina.core.StandardEngine --- Starting Servlet engine: [Apache Tomcat/10.1.19]
21:00:08.149 2024-03-02 [main] INFO  o.a.c.c.C.[Tomcat].[localhost].[/] --- Initializing Spring embedded WebApplicationContext
21:00:08.150 2024-03-02 [main] INFO  o.s.b.w.s.c.ServletWebServerApplicationContext --- Root WebApplicationContext: initialization completed in 853 ms
21:00:08.443 2024-03-02 [main] INFO  org.mongodb.driver.client --- MongoClient with metadata {"driver": {"name": "mongo-java-driver|sync|spring-boot", "version": "4.9.1"}, "os": {"type": "Linux", "name": "Linux", "architecture": "amd64", "version": "6.5.0-21-generic"}, "platform": "Java/Oracle Corporation/17.0.9+11-LTS-201"} created with settings MongoClientSettings{readPreference=primary, writeConcern=WriteConcern{w=majority, wTimeout=null ms, journal=null}, retryWrites=true, retryReads=true, readConcern=ReadConcern{level=null}, credential=MongoCredential{mechanism=null, userName='kj', source='admin', password=<hidden>, mechanismProperties=<hidden>}, streamFactoryFactory=null, commandListeners=[], codecRegistry=ProvidersCodecRegistry{codecProviders=[ValueCodecProvider{}, BsonValueCodecProvider{}, DBRefCodecProvider{}, DBObjectCodecProvider{}, DocumentCodecProvider{}, CollectionCodecProvider{}, IterableCodecProvider{}, MapCodecProvider{}, GeoJsonCodecProvider{}, GridFSFileCodecProvider{}, Jsr310CodecProvider{}, JsonObjectCodecProvider{}, BsonCodecProvider{}, EnumCodecProvider{}, com.mongodb.client.model.mql.ExpressionCodecProvider@39941489, com.mongodb.Jep395RecordCodecProvider@6f5d0190]}, loggerSettings=LoggerSettings{maxDocumentLength=1000}, clusterSettings={hosts=[127.0.0.1:27017], srvHost=springbootprojects.gzrxwmn.mongodb.net, srvServiceName=mongodb, mode=MULTIPLE, requiredClusterType=REPLICA_SET, requiredReplicaSetName='atlas-ljrqzf-shard-0', serverSelector='null', clusterListeners='[]', serverSelectionTimeout='30000 ms', localThreshold='30000 ms'}, socketSettings=SocketSettings{connectTimeoutMS=10000, readTimeoutMS=0, receiveBufferSize=0, sendBufferSize=0}, heartbeatSocketSettings=SocketSettings{connectTimeoutMS=10000, readTimeoutMS=10000, receiveBufferSize=0, sendBufferSize=0}, connectionPoolSettings=ConnectionPoolSettings{maxSize=100, minSize=0, maxWaitTimeMS=120000, maxConnectionLifeTimeMS=0, maxConnectionIdleTimeMS=0, maintenanceInitialDelayMS=0, maintenanceFrequencyMS=60000, connectionPoolListeners=[], maxConnecting=2}, serverSettings=ServerSettings{heartbeatFrequencyMS=10000, minHeartbeatFrequencyMS=500, serverListeners='[]', serverMonitorListeners='[]'}, sslSettings=SslSettings{enabled=true, invalidHostNameAllowed=false, context=null}, applicationName='null', compressorList=[], uuidRepresentation=JAVA_LEGACY, serverApi=null, autoEncryptionSettings=null, contextProvider=null}
21:00:08.515 2024-03-02 [cluster-ClusterId{value='65e346004a7f36614f8eccc2', description='null'}-srv-springbootprojects.gzrxwmn.mongodb.net] INFO  org.mongodb.driver.cluster --- Adding discovered server ac-dt2bl0m-shard-00-01.gzrxwmn.mongodb.net:27017 to client view of cluster
21:00:08.530 2024-03-02 [cluster-ClusterId{value='65e346004a7f36614f8eccc2', description='null'}-srv-springbootprojects.gzrxwmn.mongodb.net] INFO  org.mongodb.driver.cluster --- Adding discovered server ac-dt2bl0m-shard-00-00.gzrxwmn.mongodb.net:27017 to client view of cluster
21:00:08.530 2024-03-02 [cluster-ClusterId{value='65e346004a7f36614f8eccc2', description='null'}-srv-springbootprojects.gzrxwmn.mongodb.net] INFO  org.mongodb.driver.cluster --- Adding discovered server ac-dt2bl0m-shard-00-02.gzrxwmn.mongodb.net:27017 to client view of cluster
21:00:09.034 2024-03-02 [cluster-ClusterId{value='65e346004a7f36614f8eccc2', description='null'}-ac-dt2bl0m-shard-00-00.gzrxwmn.mongodb.net:27017] INFO  org.mongodb.driver.cluster --- Monitor thread successfully connected to server with description ServerDescription{address=ac-dt2bl0m-shard-00-00.gzrxwmn.mongodb.net:27017, type=REPLICA_SET_SECONDARY, state=CONNECTED, ok=true, minWireVersion=0, maxWireVersion=17, maxDocumentSize=16777216, logicalSessionTimeoutMinutes=30, roundTripTimeNanos=237710967, setName='atlas-ljrqzf-shard-0', canonicalAddress=ac-dt2bl0m-shard-00-00.gzrxwmn.mongodb.net:27017, hosts=[ac-dt2bl0m-shard-00-00.gzrxwmn.mongodb.net:27017, ac-dt2bl0m-shard-00-02.gzrxwmn.mongodb.net:27017, ac-dt2bl0m-shard-00-01.gzrxwmn.mongodb.net:27017], passives=[], arbiters=[], primary='ac-dt2bl0m-shard-00-02.gzrxwmn.mongodb.net:27017', tagSet=TagSet{[Tag{name='availabilityZone', value='aps1-az1'}, Tag{name='diskState', value='READY'}, Tag{name='nodeType', value='ELECTABLE'}, Tag{name='provider', value='AWS'}, Tag{name='region', value='AP_SOUTH_1'}, Tag{name='workloadType', value='OPERATIONAL'}]}, electionId=null, setVersion=1, topologyVersion=TopologyVersion{processId=65e222e2376c7e38a0a22c1e, counter=4}, lastWriteDate=Sat Mar 02 21:00:08 IST 2024, lastUpdateTimeNanos=9438418331455}
21:00:09.034 2024-03-02 [cluster-ClusterId{value='65e346004a7f36614f8eccc2', description='null'}-ac-dt2bl0m-shard-00-02.gzrxwmn.mongodb.net:27017] INFO  org.mongodb.driver.cluster --- Monitor thread successfully connected to server with description ServerDescription{address=ac-dt2bl0m-shard-00-02.gzrxwmn.mongodb.net:27017, type=REPLICA_SET_PRIMARY, state=CONNECTED, ok=true, minWireVersion=0, maxWireVersion=17, maxDocumentSize=16777216, logicalSessionTimeoutMinutes=30, roundTripTimeNanos=207126008, setName='atlas-ljrqzf-shard-0', canonicalAddress=ac-dt2bl0m-shard-00-02.gzrxwmn.mongodb.net:27017, hosts=[ac-dt2bl0m-shard-00-00.gzrxwmn.mongodb.net:27017, ac-dt2bl0m-shard-00-02.gzrxwmn.mongodb.net:27017, ac-dt2bl0m-shard-00-01.gzrxwmn.mongodb.net:27017], passives=[], arbiters=[], primary='ac-dt2bl0m-shard-00-02.gzrxwmn.mongodb.net:27017', tagSet=TagSet{[Tag{name='availabilityZone', value='aps1-az2'}, Tag{name='diskState', value='READY'}, Tag{name='nodeType', value='ELECTABLE'}, Tag{name='provider', value='AWS'}, Tag{name='region', value='AP_SOUTH_1'}, Tag{name='workloadType', value='OPERATIONAL'}]}, electionId=7fffffff0000000000000007, setVersion=1, topologyVersion=TopologyVersion{processId=65e22437e631381bcfbc6a59, counter=6}, lastWriteDate=Sat Mar 02 21:00:08 IST 2024, lastUpdateTimeNanos=9438418333340}
21:00:09.034 2024-03-02 [cluster-ClusterId{value='65e346004a7f36614f8eccc2', description='null'}-ac-dt2bl0m-shard-00-01.gzrxwmn.mongodb.net:27017] INFO  org.mongodb.driver.cluster --- Monitor thread successfully connected to server with description ServerDescription{address=ac-dt2bl0m-shard-00-01.gzrxwmn.mongodb.net:27017, type=REPLICA_SET_SECONDARY, state=CONNECTED, ok=true, minWireVersion=0, maxWireVersion=17, maxDocumentSize=16777216, logicalSessionTimeoutMinutes=30, roundTripTimeNanos=233951654, setName='atlas-ljrqzf-shard-0', canonicalAddress=ac-dt2bl0m-shard-00-01.gzrxwmn.mongodb.net:27017, hosts=[ac-dt2bl0m-shard-00-00.gzrxwmn.mongodb.net:27017, ac-dt2bl0m-shard-00-02.gzrxwmn.mongodb.net:27017, ac-dt2bl0m-shard-00-01.gzrxwmn.mongodb.net:27017], passives=[], arbiters=[], primary='ac-dt2bl0m-shard-00-02.gzrxwmn.mongodb.net:27017', tagSet=TagSet{[Tag{name='availabilityZone', value='aps1-az3'}, Tag{name='diskState', value='READY'}, Tag{name='nodeType', value='ELECTABLE'}, Tag{name='provider', value='AWS'}, Tag{name='region', value='AP_SOUTH_1'}, Tag{name='workloadType', value='OPERATIONAL'}]}, electionId=null, setVersion=1, topologyVersion=TopologyVersion{processId=65e2255cce991d59b870fde9, counter=3}, lastWriteDate=Sat Mar 02 21:00:08 IST 2024, lastUpdateTimeNanos=9438418331455}
21:00:09.036 2024-03-02 [cluster-ClusterId{value='65e346004a7f36614f8eccc2', description='null'}-ac-dt2bl0m-shard-00-02.gzrxwmn.mongodb.net:27017] INFO  org.mongodb.driver.cluster --- Discovered replica set primary ac-dt2bl0m-shard-00-02.gzrxwmn.mongodb.net:27017 with max election id 7fffffff0000000000000007 and max set version 1
21:00:09.086 2024-03-02 [main] INFO  o.a.coyote.http11.Http11NioProtocol --- Starting ProtocolHandler ["http-nio-8081"]
21:00:09.094 2024-03-02 [main] INFO  o.s.b.w.e.tomcat.TomcatWebServer --- Tomcat started on port(s): 8081 (http) with context path ''
21:00:09.099 2024-03-02 [main] INFO  com.demo.myTodo.MyTodoApplication --- Started MyTodoApplication in 2.061 seconds (process running for 2.452)
21:00:30.551 2024-03-02 [http-nio-8081-exec-1] INFO  o.a.c.c.C.[Tomcat].[localhost].[/] --- Initializing Spring DispatcherServlet 'dispatcherServlet'
21:00:30.551 2024-03-02 [http-nio-8081-exec-1] INFO  o.s.web.servlet.DispatcherServlet --- Initializing Servlet 'dispatcherServlet'
21:00:30.552 2024-03-02 [http-nio-8081-exec-1] INFO  o.s.web.servlet.DispatcherServlet --- Completed initialization in 1 ms
21:00:30.830 2024-03-02 [http-nio-8081-exec-1] INFO  c.d.m.controller.ToDoListController --- Requested for all ToDos
21:01:00.708 2024-03-02 [http-nio-8081-exec-9] INFO  c.d.m.controller.ToDoListController --- Requested for all ToDos
22:23:45.535 2024-03-02 [http-nio-8081-exec-5] INFO  c.d.m.controller.ToDoListController --- Requested for all ToDos
22:25:23.508 2024-03-02 [http-nio-8081-exec-3] INFO  c.d.m.controller.ToDoListController --- Requested for all ToDos
21:42:45.680 2024-03-17 [background-preinit] INFO  o.h.validator.internal.util.Version --- HV000001: Hibernate Validator 8.0.1.Final
21:42:45.713 2024-03-17 [main] INFO  com.demo.myTodo.MyTodoApplication --- Starting MyTodoApplication using Java 17.0.9 with PID 5526 (/home/kj/Documents/SpringBoot Projects/RestAPI Projects/myTodo/build/classes/java/main started by kj in /home/kj/Documents/SpringBoot Projects/RestAPI Projects/myTodo)
21:42:45.715 2024-03-17 [main] INFO  com.demo.myTodo.MyTodoApplication --- No active profile set, falling back to 1 default profile: "default"
21:42:46.097 2024-03-17 [main] INFO  o.s.d.r.c.RepositoryConfigurationDelegate --- Multiple Spring Data modules found, entering strict repository configuration mode
21:42:46.098 2024-03-17 [main] INFO  o.s.d.r.c.RepositoryConfigurationDelegate --- Bootstrapping Spring Data MongoDB repositories in DEFAULT mode.
21:42:46.193 2024-03-17 [main] INFO  o.s.d.r.c.RepositoryConfigurationDelegate --- Finished Spring Data repository scanning in 92 ms. Found 1 MongoDB repository interface.
21:42:46.202 2024-03-17 [main] INFO  o.s.d.r.c.RepositoryConfigurationDelegate --- Multiple Spring Data modules found, entering strict repository configuration mode
21:42:46.203 2024-03-17 [main] INFO  o.s.d.r.c.RepositoryConfigurationDelegate --- Bootstrapping Spring Data Redis repositories in DEFAULT mode.
21:42:46.212 2024-03-17 [main] INFO  o.s.d.r.c.RepositoryConfigurationExtensionSupport --- Spring Data Redis - Could not safely identify store assignment for repository candidate interface com.demo.myTodo.repository.TodoRepository; If you want this repository to be a Redis repository, consider annotating your entities with one of these annotations: org.springframework.data.redis.core.RedisHash (preferred), or consider extending one of the following types with your repository: org.springframework.data.keyvalue.repository.KeyValueRepository
21:42:46.212 2024-03-17 [main] INFO  o.s.d.r.c.RepositoryConfigurationDelegate --- Finished Spring Data repository scanning in 4 ms. Found 0 Redis repository interfaces.
21:42:46.507 2024-03-17 [main] INFO  o.s.b.w.e.tomcat.TomcatWebServer --- Tomcat initialized with port(s): 8081 (http)
21:42:46.512 2024-03-17 [main] INFO  o.a.coyote.http11.Http11NioProtocol --- Initializing ProtocolHandler ["http-nio-8081"]
21:42:46.513 2024-03-17 [main] INFO  o.a.catalina.core.StandardService --- Starting service [Tomcat]
21:42:46.514 2024-03-17 [main] INFO  o.a.catalina.core.StandardEngine --- Starting Servlet engine: [Apache Tomcat/10.1.19]
21:42:46.572 2024-03-17 [main] INFO  o.a.c.c.C.[Tomcat].[localhost].[/] --- Initializing Spring embedded WebApplicationContext
21:42:46.573 2024-03-17 [main] INFO  o.s.b.w.s.c.ServletWebServerApplicationContext --- Root WebApplicationContext: initialization completed in 823 ms
21:42:46.685 2024-03-17 [cluster-ClusterId{value='65f7167ec214ea27be7f5438', description='null'}-srv-springbootprojects.gzrxwmn.mongodb.net] INFO  org.mongodb.driver.cluster --- Adding discovered server ac-dt2bl0m-shard-00-01.gzrxwmn.mongodb.net:27017 to client view of cluster
21:42:46.697 2024-03-17 [main] INFO  org.mongodb.driver.client --- MongoClient with metadata {"driver": {"name": "mongo-java-driver|sync|spring-boot", "version": "4.9.1"}, "os": {"type": "Linux", "name": "Linux", "architecture": "amd64", "version": "6.5.0-21-generic"}, "platform": "Java/Oracle Corporation/17.0.9+11-LTS-201"} created with settings MongoClientSettings{readPreference=primary, writeConcern=WriteConcern{w=majority, wTimeout=null ms, journal=null}, retryWrites=true, retryReads=true, readConcern=ReadConcern{level=null}, credential=MongoCredential{mechanism=null, userName='kj', source='admin', password=<hidden>, mechanismProperties=<hidden>}, streamFactoryFactory=null, commandListeners=[], codecRegistry=ProvidersCodecRegistry{codecProviders=[ValueCodecProvider{}, BsonValueCodecProvider{}, DBRefCodecProvider{}, DBObjectCodecProvider{}, DocumentCodecProvider{}, CollectionCodecProvider{}, IterableCodecProvider{}, MapCodecProvider{}, GeoJsonCodecProvider{}, GridFSFileCodecProvider{}, Jsr310CodecProvider{}, JsonObjectCodecProvider{}, BsonCodecProvider{}, EnumCodecProvider{}, com.mongodb.client.model.mql.ExpressionCodecProvider@61a2aeb7, com.mongodb.Jep395RecordCodecProvider@64b70f41]}, loggerSettings=LoggerSettings{maxDocumentLength=1000}, clusterSettings={hosts=[127.0.0.1:27017], srvHost=springbootprojects.gzrxwmn.mongodb.net, srvServiceName=mongodb, mode=MULTIPLE, requiredClusterType=REPLICA_SET, requiredReplicaSetName='atlas-ljrqzf-shard-0', serverSelector='null', clusterListeners='[]', serverSelectionTimeout='30000 ms', localThreshold='30000 ms'}, socketSettings=SocketSettings{connectTimeoutMS=10000, readTimeoutMS=0, receiveBufferSize=0, sendBufferSize=0}, heartbeatSocketSettings=SocketSettings{connectTimeoutMS=10000, readTimeoutMS=10000, receiveBufferSize=0, sendBufferSize=0}, connectionPoolSettings=ConnectionPoolSettings{maxSize=100, minSize=0, maxWaitTimeMS=120000, maxConnectionLifeTimeMS=0, maxConnectionIdleTimeMS=0, maintenanceInitialDelayMS=0, maintenanceFrequencyMS=60000, connectionPoolListeners=[], maxConnecting=2}, serverSettings=ServerSettings{heartbeatFrequencyMS=10000, minHeartbeatFrequencyMS=500, serverListeners='[]', serverMonitorListeners='[]'}, sslSettings=SslSettings{enabled=true, invalidHostNameAllowed=false, context=null}, applicationName='null', compressorList=[], uuidRepresentation=JAVA_LEGACY, serverApi=null, autoEncryptionSettings=null, contextProvider=null}
21:42:46.700 2024-03-17 [cluster-ClusterId{value='65f7167ec214ea27be7f5438', description='null'}-srv-springbootprojects.gzrxwmn.mongodb.net] INFO  org.mongodb.driver.cluster --- Adding discovered server ac-dt2bl0m-shard-00-00.gzrxwmn.mongodb.net:27017 to client view of cluster
21:42:46.701 2024-03-17 [cluster-ClusterId{value='65f7167ec214ea27be7f5438', description='null'}-srv-springbootprojects.gzrxwmn.mongodb.net] INFO  org.mongodb.driver.cluster --- Adding discovered server ac-dt2bl0m-shard-00-02.gzrxwmn.mongodb.net:27017 to client view of cluster
21:42:47.257 2024-03-17 [main] INFO  o.a.coyote.http11.Http11NioProtocol --- Starting ProtocolHandler ["http-nio-8081"]
21:42:47.265 2024-03-17 [main] INFO  o.s.b.w.e.tomcat.TomcatWebServer --- Tomcat started on port(s): 8081 (http) with context path ''
21:42:47.270 2024-03-17 [main] INFO  com.demo.myTodo.MyTodoApplication --- Started MyTodoApplication in 1.792 seconds (process running for 2.122)
21:42:47.748 2024-03-17 [cluster-ClusterId{value='65f7167ec214ea27be7f5438', description='null'}-ac-dt2bl0m-shard-00-02.gzrxwmn.mongodb.net:27017] INFO  org.mongodb.driver.cluster --- Monitor thread successfully connected to server with description ServerDescription{address=ac-dt2bl0m-shard-00-02.gzrxwmn.mongodb.net:27017, type=REPLICA_SET_PRIMARY, state=CONNECTED, ok=true, minWireVersion=0, maxWireVersion=21, maxDocumentSize=16777216, logicalSessionTimeoutMinutes=30, roundTripTimeNanos=294075976, setName='atlas-ljrqzf-shard-0', canonicalAddress=ac-dt2bl0m-shard-00-02.gzrxwmn.mongodb.net:27017, hosts=[ac-dt2bl0m-shard-00-00.gzrxwmn.mongodb.net:27017, ac-dt2bl0m-shard-00-02.gzrxwmn.mongodb.net:27017, ac-dt2bl0m-shard-00-01.gzrxwmn.mongodb.net:27017], passives=[], arbiters=[], primary='ac-dt2bl0m-shard-00-02.gzrxwmn.mongodb.net:27017', tagSet=TagSet{[Tag{name='availabilityZone', value='aps1-az2'}, Tag{name='diskState', value='READY'}, Tag{name='nodeType', value='ELECTABLE'}, Tag{name='provider', value='AWS'}, Tag{name='region', value='AP_SOUTH_1'}, Tag{name='workloadType', value='OPERATIONAL'}]}, electionId=7fffffff0000000000000009, setVersion=1, topologyVersion=TopologyVersion{processId=65eb8ad1f4ef4304264ea54c, counter=6}, lastWriteDate=Sun Mar 17 21:42:47 IST 2024, lastUpdateTimeNanos=178024213364}
21:42:47.748 2024-03-17 [cluster-ClusterId{value='65f7167ec214ea27be7f5438', description='null'}-ac-dt2bl0m-shard-00-00.gzrxwmn.mongodb.net:27017] INFO  org.mongodb.driver.cluster --- Monitor thread successfully connected to server with description ServerDescription{address=ac-dt2bl0m-shard-00-00.gzrxwmn.mongodb.net:27017, type=REPLICA_SET_SECONDARY, state=CONNECTED, ok=true, minWireVersion=0, maxWireVersion=21, maxDocumentSize=16777216, logicalSessionTimeoutMinutes=30, roundTripTimeNanos=294099798, setName='atlas-ljrqzf-shard-0', canonicalAddress=ac-dt2bl0m-shard-00-00.gzrxwmn.mongodb.net:27017, hosts=[ac-dt2bl0m-shard-00-00.gzrxwmn.mongodb.net:27017, ac-dt2bl0m-shard-00-02.gzrxwmn.mongodb.net:27017, ac-dt2bl0m-shard-00-01.gzrxwmn.mongodb.net:27017], passives=[], arbiters=[], primary='ac-dt2bl0m-shard-00-02.gzrxwmn.mongodb.net:27017', tagSet=TagSet{[Tag{name='availabilityZone', value='aps1-az1'}, Tag{name='diskState', value='READY'}, Tag{name='nodeType', value='ELECTABLE'}, Tag{name='provider', value='AWS'}, Tag{name='region', value='AP_SOUTH_1'}, Tag{name='workloadType', value='OPERATIONAL'}]}, electionId=null, setVersion=1, topologyVersion=TopologyVersion{processId=65eb80f56e866d20586b2107, counter=4}, lastWriteDate=Sun Mar 17 21:42:47 IST 2024, lastUpdateTimeNanos=178024223494}
21:42:47.749 2024-03-17 [cluster-ClusterId{value='65f7167ec214ea27be7f5438', description='null'}-ac-dt2bl0m-shard-00-01.gzrxwmn.mongodb.net:27017] INFO  org.mongodb.driver.cluster --- Monitor thread successfully connected to server with description ServerDescription{address=ac-dt2bl0m-shard-00-01.gzrxwmn.mongodb.net:27017, type=REPLICA_SET_SECONDARY, state=CONNECTED, ok=true, minWireVersion=0, maxWireVersion=21, maxDocumentSize=16777216, logicalSessionTimeoutMinutes=30, roundTripTimeNanos=294087014, setName='atlas-ljrqzf-shard-0', canonicalAddress=ac-dt2bl0m-shard-00-01.gzrxwmn.mongodb.net:27017, hosts=[ac-dt2bl0m-shard-00-00.gzrxwmn.mongodb.net:27017, ac-dt2bl0m-shard-00-02.gzrxwmn.mongodb.net:27017, ac-dt2bl0m-shard-00-01.gzrxwmn.mongodb.net:27017], passives=[], arbiters=[], primary='ac-dt2bl0m-shard-00-02.gzrxwmn.mongodb.net:27017', tagSet=TagSet{[Tag{name='availabilityZone', value='aps1-az3'}, Tag{name='diskState', value='READY'}, Tag{name='nodeType', value='ELECTABLE'}, Tag{name='provider', value='AWS'}, Tag{name='region', value='AP_SOUTH_1'}, Tag{name='workloadType', value='OPERATIONAL'}]}, electionId=null, setVersion=1, topologyVersion=TopologyVersion{processId=65eb8c0bde26e496b970c16b, counter=3}, lastWriteDate=Sun Mar 17 21:42:47 IST 2024, lastUpdateTimeNanos=178024223494}
21:42:47.753 2024-03-17 [cluster-ClusterId{value='65f7167ec214ea27be7f5438', description='null'}-ac-dt2bl0m-shard-00-02.gzrxwmn.mongodb.net:27017] INFO  org.mongodb.driver.cluster --- Discovered replica set primary ac-dt2bl0m-shard-00-02.gzrxwmn.mongodb.net:27017 with max election id 7fffffff0000000000000009 and max set version 1
21:42:55.942 2024-03-17 [http-nio-8081-exec-1] INFO  o.a.c.c.C.[Tomcat].[localhost].[/] --- Initializing Spring DispatcherServlet 'dispatcherServlet'
21:42:55.942 2024-03-17 [http-nio-8081-exec-1] INFO  o.s.web.servlet.DispatcherServlet --- Initializing Servlet 'dispatcherServlet'
21:42:55.943 2024-03-17 [http-nio-8081-exec-1] INFO  o.s.web.servlet.DispatcherServlet --- Completed initialization in 0 ms
